\BOOKMARK [0][-]{chapter.1}{\376\377\000E\000s\000p\000a\000c\000i\000o\000s\000\040\000t\000o\000p\000o\000l\000\363\000g\000i\000c\000o\000s}{}% 1
\BOOKMARK [1][-]{section.1.1}{\376\377\000C\000o\000n\000j\000u\000n\000t\000o\000s\000\040\000a\000b\000i\000e\000r\000t\000o\000s}{chapter.1}% 2
\BOOKMARK [1][-]{section.1.2}{\376\377\000C\000o\000n\000j\000u\000n\000t\000o\000s\000\040\000c\000e\000r\000r\000a\000d\000o\000s}{chapter.1}% 3
\BOOKMARK [1][-]{section.1.3}{\376\377\000B\000a\000s\000e\000s}{chapter.1}% 4
\BOOKMARK [1][-]{section.1.4}{\376\377\000T\000o\000p\000o\000l\000o\000g\000\355\000a\000\040\000r\000e\000l\000a\000t\000i\000v\000a}{chapter.1}% 5
\BOOKMARK [0][-]{chapter.2}{\376\377\000A\000p\000l\000i\000c\000a\000c\000i\000o\000n\000e\000s\000\040\000c\000o\000n\000t\000i\000n\000u\000a\000s}{}% 6
\BOOKMARK [1][-]{section.2.1}{\376\377\000C\000o\000n\000t\000i\000n\000u\000i\000d\000a\000d}{chapter.2}% 7
\BOOKMARK [1][-]{section.2.2}{\376\377\000C\000o\000n\000t\000i\000n\000u\000i\000d\000a\000d\000\040\000y\000\040\000s\000u\000b\000e\000s\000p\000a\000c\000i\000o\000s}{chapter.2}% 8
\BOOKMARK [1][-]{section.2.3}{\376\377\000H\000o\000m\000e\000o\000m\000o\000r\000f\000i\000s\000m\000o\000s}{chapter.2}% 9
\BOOKMARK [0][-]{chapter.3}{\376\377\000C\000o\000n\000s\000t\000r\000u\000c\000c\000i\000o\000n\000e\000s}{}% 10
\BOOKMARK [1][-]{section.3.1}{\376\377\000I\000m\000\341\000g\000e\000n\000e\000s\000\040\000i\000n\000v\000e\000r\000s\000a\000s}{chapter.3}% 11
\BOOKMARK [1][-]{section.3.2}{\376\377\000I\000m\000\341\000g\000e\000n\000e\000s\000\040\000d\000i\000r\000e\000c\000t\000a\000s}{chapter.3}% 12
\BOOKMARK [1][-]{section.3.3}{\376\377\000P\000r\000o\000d\000u\000c\000t\000o\000s\000\040\000\050\000f\000i\000n\000i\000t\000o\000s\000\051}{chapter.3}% 13
\BOOKMARK [1][-]{section.3.4}{\376\377\000S\000u\000m\000a\000s\000\040\000\050\000f\000i\000n\000i\000t\000a\000s\000\051}{chapter.3}% 14
\BOOKMARK [1][-]{section.3.5}{\376\377\000E\000s\000p\000a\000c\000i\000o\000s\000\040\000p\000r\000o\000y\000e\000c\000t\000i\000v\000o\000s\000\040\000r\000e\000a\000l\000e\000s}{chapter.3}% 15
\BOOKMARK [0][-]{chapter.4}{\376\377\000S\000e\000p\000a\000r\000a\000c\000i\000\363\000n}{}% 16
\BOOKMARK [1][-]{section.4.1}{\376\377\000C\000o\000n\000c\000e\000p\000t\000o}{chapter.4}% 17
\BOOKMARK [1][-]{section.4.2}{\376\377\000T\000a\000b\000l\000a\000\040\000d\000e\000\040\000c\000o\000m\000p\000o\000r\000t\000a\000m\000i\000e\000n\000t\000o}{chapter.4}% 18
\BOOKMARK [0][-]{chapter.5}{\376\377\000N\000u\000m\000e\000r\000a\000b\000i\000l\000i\000d\000a\000d}{}% 19
\BOOKMARK [1][-]{section.5.1}{\376\377\000A\000x\000i\000o\000m\000a\000s}{chapter.5}% 20
\BOOKMARK [2][-]{subsection.5.1.1}{\376\377\000I\000\040\000A\000x\000i\000o\000m\000a}{section.5.1}% 21
\BOOKMARK [2][-]{subsection.5.1.2}{\376\377\000I\000I\000\040\000A\000X}{section.5.1}% 22
\BOOKMARK [2][-]{subsection.5.1.3}{\376\377\000S\000e\000p\000a\000r\000a\000b\000l\000e}{section.5.1}% 23
\BOOKMARK [2][-]{subsection.5.1.4}{\376\377\000L\000i\000n\000d\000e\000l\000\366\000f}{section.5.1}% 24
\BOOKMARK [1][-]{section.5.2}{\376\377\000T\000a\000b\000l\000a\000\040\000d\000e\000\040\000c\000o\000m\000p\000o\000r\000t\000a\000m\000i\000e\000n\000t\000o}{chapter.5}% 25
\BOOKMARK [0][-]{chapter.6}{\376\377\000C\000o\000m\000p\000a\000c\000i\000d\000a\000d}{}% 26
\BOOKMARK [1][-]{section.6.1}{\376\377\000C\000o\000n\000c\000e\000p\000t\000o\000\040\000y\000\040\000m\000a\000n\000t\000r\000a\000s}{chapter.6}% 27
\BOOKMARK [1][-]{section.6.2}{\376\377\000T\000a\000b\000l\000a\000\040\000d\000e\000\040\000c\000o\000m\000p\000o\000r\000t\000a\000m\000i\000e\000n\000t\000o}{chapter.6}% 28
\BOOKMARK [0][-]{chapter.7}{\376\377\000C\000o\000m\000p\000a\000c\000i\000d\000a\000d\000\040\000l\000o\000c\000a\000l}{}% 29
\BOOKMARK [1][-]{section.7.1}{\376\377\000C\000o\000m\000p\000a\000c\000i\000d\000a\000d\000\040\000l\000o\000c\000a\000l\000\040\000y\000\040\000m\000a\000n\000t\000r\000a\000s}{chapter.7}% 30
\BOOKMARK [1][-]{section.7.2}{\376\377\000T\000a\000b\000l\000a\000\040\000d\000e\000\040\000c\000o\000m\000p\000o\000r\000t\000a\000m\000i\000e\000n\000t\000o}{chapter.7}% 31
\BOOKMARK [1][-]{section.7.3}{\376\377\000C\000o\000m\000p\000a\000c\000t\000i\000f\000i\000c\000a\000c\000i\000\363\000n\000\040\000p\000o\000r\000\040\000u\000n\000\040\000p\000u\000n\000t\000o}{chapter.7}% 32
\BOOKMARK [0][-]{chapter.8}{\376\377\000C\000o\000n\000e\000x\000i\000\363\000n}{}% 33
\BOOKMARK [1][-]{section.8.1}{\376\377\000C\000o\000n\000c\000e\000p\000t\000o\000\040\000y\000\040\000m\000a\000n\000t\000r\000a\000s}{chapter.8}% 34
\BOOKMARK [1][-]{section.8.2}{\376\377\000T\000a\000b\000l\000a\000\040\000d\000e\000\040\000c\000o\000m\000p\000o\000r\000t\000a\000m\000i\000e\000n\000t\000o}{chapter.8}% 35
\BOOKMARK [0][-]{chapter.9}{\376\377\000C\000o\000m\000p\000o\000n\000e\000n\000t\000e\000s\000\040\000c\000o\000n\000e\000x\000a\000s\000\040\000y\000\040\000c\000o\000n\000e\000x\000i\000\363\000n\000\040\000l\000o\000c\000a\000l}{}% 36
\BOOKMARK [1][-]{section.9.1}{\376\377\000C\000o\000m\000p\000o\000n\000e\000n\000t\000e\000s}{chapter.9}% 37
\BOOKMARK [1][-]{section.9.2}{\376\377\000C\000o\000n\000e\000x\000i\000\363\000n\000\040\000l\000o\000c\000a\000l}{chapter.9}% 38
\BOOKMARK [1][-]{section.9.3}{\376\377\000T\000a\000b\000l\000a\000\040\000d\000e\000\040\000c\000o\000m\000p\000o\000r\000t\000a\000m\000i\000e\000n\000t\000o}{chapter.9}% 39
\BOOKMARK [0][-]{chapter.10}{\376\377\000C\000o\000n\000e\000x\000i\000\363\000n\000\040\000p\000o\000r\000\040\000c\000a\000m\000i\000n\000o\000s}{}% 40
\BOOKMARK [1][-]{section.10.1}{\376\377\000C\000o\000n\000e\000x\000i\000\363\000n\000\040\000p\000o\000r\000\040\000c\000a\000m\000i\000n\000o\000s}{chapter.10}% 41
\BOOKMARK [1][-]{section.10.2}{\376\377\000M\000a\000n\000t\000r\000a\000s}{chapter.10}% 42
\BOOKMARK [1][-]{section.10.3}{\376\377\000T\000a\000b\000l\000a\000\040\000d\000e\000\040\000c\000o\000m\000p\000o\000r\000t\000a\000m\000i\000e\000n\000t\000o}{chapter.10}% 43
\BOOKMARK [0][-]{chapter.11}{\376\377\000C\000o\000m\000p\000o\000n\000e\000n\000t\000e\000s\000\040\000c\000o\000n\000e\000x\000a\000s\000\040\000p\000o\000r\000\040\000c\000a\000m\000i\000n\000o\000s\000\040\000y\000\040\000c\000o\000n\000e\000x\000i\000\363\000n\000\040\000l\000o\000c\000a\000l\000\040\000p\000o\000r\000\040\000c\000a\000m\000i\000n\000o\000s}{}% 44
\BOOKMARK [1][-]{section.11.1}{\376\377\000C\000o\000m\000p\000o\000n\000e\000n\000t\000e\000s\000\040\000c\000o\000n\000e\000x\000a\000s\000\040\000p\000o\000r\000\040\000c\000a\000m\000i\000n\000o\000s}{chapter.11}% 45
\BOOKMARK [1][-]{section.11.2}{\376\377\000C\000o\000n\000e\000x\000i\000\363\000n\000\040\000l\000o\000c\000a\000l\000\040\000p\000o\000r\000\040\000c\000a\000m\000i\000n\000o\000s}{chapter.11}% 46
\BOOKMARK [1][-]{section.11.3}{\376\377\000T\000a\000b\000l\000a\000\040\000d\000e\000\040\000c\000o\000m\000p\000o\000r\000t\000a\000m\000i\000e\000n\000t\000o}{chapter.11}% 47
\BOOKMARK [1][-]{section.11.4}{\376\377\000R\000e\000l\000a\000c\000i\000o\000n\000e\000s\000\040\000e\000n\000t\000r\000e\000\040\000l\000a\000s\000\040\000p\000r\000o\000p\000i\000e\000d\000a\000d\000e\000s\000\040\000d\000e\000\040\000c\000o\000n\000e\000x\000i\000\363\000n}{chapter.11}% 48
\BOOKMARK [0][-]{chapter.12}{\376\377\000H\000o\000m\000o\000t\000o\000p\000\355\000a}{}% 49
\BOOKMARK [1][-]{section.12.1}{\376\377\000C\000o\000n\000c\000e\000p\000t\000o\000s\000\040\000f\000u\000n\000d\000a\000m\000e\000n\000t\000a\000l\000e\000s}{chapter.12}% 50
\BOOKMARK [1][-]{section.12.2}{\376\377\000C\000o\000n\000c\000e\000p\000t\000o\000\040\000r\000e\000l\000a\000t\000i\000v\000o}{chapter.12}% 51
\BOOKMARK [1][-]{section.12.3}{\376\377\000C\000o\000n\000t\000r\000a\000c\000t\000i\000b\000i\000l\000i\000d\000a\000d}{chapter.12}% 52
\BOOKMARK [0][-]{chapter.13}{\376\377\000H\000o\000m\000o\000t\000o\000p\000\355\000a\000\040\000d\000e\000\040\000c\000a\000m\000i\000n\000o\000s}{}% 53
\BOOKMARK [1][-]{section.13.1}{\376\377\000E\000l\000\040\000c\000o\000n\000c\000e\000p\000t\000o\000\040\000b\000\341\000s\000i\000c\000o}{chapter.13}% 54
\BOOKMARK [1][-]{section.13.2}{\376\377\000S\000i\000m\000p\000l\000e\000-\000c\000o\000n\000e\000x\000i\000\363\000n}{chapter.13}% 55
\BOOKMARK [1][-]{section.13.3}{\376\377\000E\000s\000f\000e\000r\000a\000s\000\040\000S\000n\000,\000\040\000n\000\040\000>\000=\000\040\0002}{chapter.13}% 56
\BOOKMARK [0][-]{chapter.14}{\376\377\000E\000l\000\040\000g\000r\000u\000p\000o\000\040\000f\000u\000n\000d\000a\000m\000e\000n\000t\000a\000l}{}% 57
\BOOKMARK [1][-]{section.14.1}{\376\377\000O\000p\000e\000r\000a\000c\000i\000o\000n\000e\000s\000\040\000c\000o\000n\000\040\000c\000a\000m\000i\000n\000o\000s}{chapter.14}% 58
\BOOKMARK [1][-]{section.14.2}{\376\377\000E\000l\000\040\000g\000r\000u\000p\000o\000\040\000f\000u\000n\000d\000a\000m\000e\000n\000t\000a\000l}{chapter.14}% 59
\BOOKMARK [1][-]{section.14.3}{\376\377\000F\000u\000n\000t\000o\000r\000i\000a\000l\000i\000d\000a\000d}{chapter.14}% 60
\BOOKMARK [0][-]{chapter.15}{\376\377\000R\000e\000t\000r\000a\000c\000t\000o\000s}{}% 61
\BOOKMARK [1][-]{section.15.1}{\376\377\000R\000e\000t\000r\000a\000c\000t\000o\000s\000\040\000y\000\040\000d\000e\000f\000o\000r\000m\000a\000c\000i\000o\000n\000e\000s}{chapter.15}% 62
\BOOKMARK [1][-]{section.15.2}{\376\377\000C\000o\000c\000i\000e\000n\000t\000e\000s}{chapter.15}% 63
\BOOKMARK [1][-]{section.15.3}{\376\377\000A\000g\000u\000j\000e\000r\000o\000s}{chapter.15}% 64
\BOOKMARK [0][-]{chapter.16}{\376\377\000R\000e\000c\000u\000b\000r\000i\000d\000o\000r\000e\000s}{}% 65
\BOOKMARK [1][-]{section.16.1}{\376\377\000E\000l\000\040\000p\000r\000o\000b\000l\000e\000m\000a\000\040\000d\000e\000\040\000e\000l\000e\000v\000a\000c\000i\000\363\000n}{chapter.16}% 66
\BOOKMARK [1][-]{section.16.2}{\376\377\000U\000n\000i\000c\000i\000d\000a\000d\000\040\000d\000e\000\040\000e\000l\000e\000v\000a\000c\000i\000\363\000n}{chapter.16}% 67
\BOOKMARK [1][-]{section.16.3}{\376\377\000L\000e\000m\000a\000\040\000d\000e\000\040\000e\000l\000e\000v\000a\000c\000c\000i\000\363\000n}{chapter.16}% 68
\BOOKMARK [0][-]{chapter.17}{\376\377\000C\000\341\000l\000c\000u\000l\000o\000s\000\040\000m\000e\000d\000i\000a\000n\000t\000e\000\040\000r\000e\000c\000u\000b\000r\000i\000d\000o\000r\000e\000s}{}% 69
\BOOKMARK [1][-]{section.17.1}{\376\377\000E\000s\000p\000a\000c\000i\000o\000s\000\040\000p\000r\000o\000y\000e\000c\000t\000i\000v\000o\000s\000\040\000r\000e\000a\000l\000e\000s}{chapter.17}% 70
\BOOKMARK [1][-]{section.17.2}{\376\377\000L\000a\000\040\000c\000i\000r\000c\000u\000n\000f\000e\000r\000e\000n\000c\000i\000a}{chapter.17}% 71
\BOOKMARK [0][-]{chapter.18}{\376\377\000A\000p\000l\000i\000c\000a\000c\000i\000o\000n\000e\000s\000\040\000e\000n\000\040\000d\000i\000m\000e\000n\000s\000i\000\363\000n\000\040\0002}{}% 72
\BOOKMARK [1][-]{section.18.1}{\376\377\000T\000e\000o\000r\000e\000m\000a\000\040\000f\000u\000n\000d\000a\000m\000e\000n\000t\000a\000l\000\040\000d\000e\000l\000\040\000\301\000l\000g\000e\000b\000r\000a}{chapter.18}% 73
\BOOKMARK [1][-]{section.18.2}{\376\377\000T\000e\000o\000r\000e\000m\000a\000\040\000d\000e\000l\000\040\000p\000u\000n\000t\000o\000\040\000f\000i\000j\000o\000\040\000d\000e\000\040\000B\000r\000o\000u\000w\000e\000r}{chapter.18}% 74
\BOOKMARK [1][-]{section.18.3}{\376\377\000T\000e\000o\000r\000e\000m\000a\000\040\000d\000e\000\040\000l\000a\000\040\000e\000s\000f\000e\000r\000a\000\040\000d\000e\000\040\000B\000r\000o\000u\000w\000e\000r}{chapter.18}% 75
\BOOKMARK [0][-]{chapter.19}{\376\377\000M\000\341\000s\000\040\000a\000p\000l\000i\000c\000a\000c\000i\000o\000n\000e\000s\000\040\000p\000o\000r\000\040\000e\000l\000\040\000m\000i\000s\000m\000o\000\040\000p\000r\000e\000c\000i\000o}{}% 76
\BOOKMARK [1][-]{section.19.1}{\376\377\000B\000o\000r\000s\000u\000k\000-\000U\000l\000a\000m}{chapter.19}% 77
\BOOKMARK [1][-]{section.19.2}{\376\377\000I\000n\000v\000a\000r\000i\000a\000n\000z\000a\000\040\000d\000e\000l\000\040\000d\000o\000m\000i\000n\000i\000o}{chapter.19}% 78
\BOOKMARK [0][-]{chapter.20}{\376\377\000S\000u\000p\000e\000r\000f\000i\000c\000i\000e\000s}{}% 79
\BOOKMARK [1][-]{section.20.1}{\376\377\000C\000o\000n\000c\000e\000p\000t\000o}{chapter.20}% 80
\BOOKMARK [1][-]{section.20.2}{\376\377\000S\000u\000m\000a\000s\000\040\000c\000o\000n\000e\000x\000a\000s}{chapter.20}% 81
\BOOKMARK [1][-]{section.20.3}{\376\377\000C\000o\000c\000i\000e\000n\000t\000e\000s}{chapter.20}% 82
\BOOKMARK [0][-]{chapter.21}{\376\377\000C\000l\000a\000s\000i\000f\000i\000c\000a\000c\000i\000\363\000n\000\040\000d\000e\000\040\000s\000u\000p\000e\000r\000f\000i\000c\000i\000e\000s}{}% 83
\BOOKMARK [1][-]{section.21.1}{\376\377\000E\000l\000\040\000t\000e\000o\000r\000e\000m\000a}{chapter.21}% 84
\BOOKMARK [1][-]{section.21.2}{\376\377\000L\000a\000\040\000r\000e\000l\000a\000c\000i\000\363\000n\000\040\000f\000u\000n\000d\000a\000m\000e\000n\000t\000a\000l}{chapter.21}% 85
\BOOKMARK [1][-]{section.21.3}{\376\377\000G\000r\000u\000p\000o\000s\000\040\000f\000u\000n\000d\000a\000m\000e\000n\000t\000a\000l\000e\000s\000\040\000c\000o\000n\000\040\000u\000n\000\040\000a\000g\000u\000j\000e\000r\000o}{chapter.21}% 86
\BOOKMARK [0][-]{chapter.22}{\376\377\000G\000r\000a\000n\000d\000e\000\040\000f\000i\000n\000a\000l\000e}{}% 87
