This is pdfTeX, Version 3.141592653-2.6-1.40.24 (TeX Live 2022/Arch Linux) (preloaded format=pdflatex 2022.11.10)  30 JAN 2023 18:48
entering extended mode
 restricted \write18 enabled.
 file:line:error style messages enabled.
 %&-line parsing enabled.
**TOEL.tex
(./TOEL.tex
LaTeX2e <2021-11-15> patch level 1
L3 programming layer <2022-04-10> (/usr/share/texmf-dist/tex/latex/base/book.cls
Document Class: book 2021/10/04 v1.4n Standard LaTeX document class
(/usr/share/texmf-dist/tex/latex/base/bk10.clo
File: bk10.clo 2021/10/04 v1.4n Standard LaTeX file (size option)
)
\c@part=\count185
\c@chapter=\count186
\c@section=\count187
\c@subsection=\count188
\c@subsubsection=\count189
\c@paragraph=\count190
\c@subparagraph=\count191
\c@figure=\count192
\c@table=\count193
\abovecaptionskip=\skip47
\belowcaptionskip=\skip48
\bibindent=\dimen138
) (/usr/share/texmf-dist/tex/latex/geometry/geometry.sty
Package: geometry 2020/01/02 v5.9 Page Geometry
 (/usr/share/texmf-dist/tex/latex/graphics/keyval.sty
Package: keyval 2014/10/28 v1.15 key=value parser (DPC)
\KV@toks@=\toks16
) (/usr/share/texmf-dist/tex/generic/iftex/ifvtex.sty
Package: ifvtex 2019/10/25 v1.7 ifvtex legacy package. Use iftex instead.
 (/usr/share/texmf-dist/tex/generic/iftex/iftex.sty
Package: iftex 2022/02/03 v1.0f TeX engine tests
))
\Gm@cnth=\count194
\Gm@cntv=\count195
\c@Gm@tempcnt=\count196
\Gm@bindingoffset=\dimen139
\Gm@wd@mp=\dimen140
\Gm@odd@mp=\dimen141
\Gm@even@mp=\dimen142
\Gm@layoutwidth=\dimen143
\Gm@layoutheight=\dimen144
\Gm@layouthoffset=\dimen145
\Gm@layoutvoffset=\dimen146
\Gm@dimlist=\toks17
) (/usr/share/texmf-dist/tex/generic/babel/babel.sty
Package: babel 2022/02/26 3.73 The Babel package
\babel@savecnt=\count197
\U@D=\dimen147
\l@unhyphenated=\language87
 (/usr/share/texmf-dist/tex/generic/babel/txtbabel.def)
\bbl@readstream=\read2
\bbl@dirlevel=\count198
 (/usr/share/texmf-dist/tex/generic/babel-spanish/spanish.ldf
Language: spanish.ldf 2021/05/27 v5.0q Spanish support from the babel system
\es@quottoks=\toks18
\es@quotdepth=\count199
Package babel Info: Making " an active character on input line 570.
Package babel Info: Making . an active character on input line 675.
Package babel Info: Making < an active character on input line 722.
Package babel Info: Making > an active character on input line 722.
)) (/usr/share/texmf-dist/tex/generic/ulem/ulem.sty
\UL@box=\box50
\UL@hyphenbox=\box51
\UL@skip=\skip49
\UL@hook=\toks19
\UL@height=\dimen148
\UL@pe=\count266
\UL@pixel=\dimen149
\ULC@box=\box52
Package: ulem 2019/11/18
\ULdepth=\dimen150
) (/usr/share/texmf-dist/tex/latex/amsmath/amsmath.sty
Package: amsmath 2021/10/15 v2.17l AMS math features
\@mathmargin=\skip50

For additional information on amsmath, use the `?' option.
(/usr/share/texmf-dist/tex/latex/amsmath/amstext.sty
Package: amstext 2021/08/26 v2.01 AMS text
 (/usr/share/texmf-dist/tex/latex/amsmath/amsgen.sty
File: amsgen.sty 1999/11/30 v2.0 generic functions
\@emptytoks=\toks20
\ex@=\dimen151
)) (/usr/share/texmf-dist/tex/latex/amsmath/amsbsy.sty
Package: amsbsy 1999/11/29 v1.2d Bold Symbols
\pmbraise@=\dimen152
) (/usr/share/texmf-dist/tex/latex/amsmath/amsopn.sty
Package: amsopn 2021/08/26 v2.02 operator names
)
\inf@bad=\count267
LaTeX Info: Redefining \frac on input line 234.
\uproot@=\count268
\leftroot@=\count269
LaTeX Info: Redefining \overline on input line 399.
\classnum@=\count270
\DOTSCASE@=\count271
LaTeX Info: Redefining \ldots on input line 496.
LaTeX Info: Redefining \dots on input line 499.
LaTeX Info: Redefining \cdots on input line 620.
\Mathstrutbox@=\box53
\strutbox@=\box54
\big@size=\dimen153
LaTeX Font Info:    Redeclaring font encoding OML on input line 743.
LaTeX Font Info:    Redeclaring font encoding OMS on input line 744.
\macc@depth=\count272
\c@MaxMatrixCols=\count273
\dotsspace@=\muskip16
\c@parentequation=\count274
\dspbrk@lvl=\count275
\tag@help=\toks21
\row@=\count276
\column@=\count277
\maxfields@=\count278
\andhelp@=\toks22
\eqnshift@=\dimen154
\alignsep@=\dimen155
\tagshift@=\dimen156
\tagwidth@=\dimen157
\totwidth@=\dimen158
\lineht@=\dimen159
\@envbody=\toks23
\multlinegap=\skip51
\multlinetaggap=\skip52
\mathdisplay@stack=\toks24
LaTeX Info: Redefining \[ on input line 2938.
LaTeX Info: Redefining \] on input line 2939.
) (/usr/share/texmf-dist/tex/latex/mathtools/mathtools.sty
Package: mathtools 2022/02/07 v1.28a mathematical typesetting tools
 (/usr/share/texmf-dist/tex/latex/tools/calc.sty
Package: calc 2017/05/25 v4.3 Infix arithmetic (KKT,FJ)
\calc@Acount=\count279
\calc@Bcount=\count280
\calc@Adimen=\dimen160
\calc@Bdimen=\dimen161
\calc@Askip=\skip53
\calc@Bskip=\skip54
LaTeX Info: Redefining \setlength on input line 80.
LaTeX Info: Redefining \addtolength on input line 81.
\calc@Ccount=\count281
\calc@Cskip=\skip55
) (/usr/share/texmf-dist/tex/latex/mathtools/mhsetup.sty
Package: mhsetup 2021/03/18 v1.4 programming setup (MH)
)
\g_MT_multlinerow_int=\count282
\l_MT_multwidth_dim=\dimen162
\origjot=\skip56
\l_MT_shortvdotswithinadjustabove_dim=\dimen163
\l_MT_shortvdotswithinadjustbelow_dim=\dimen164
\l_MT_above_intertext_sep=\dimen165
\l_MT_below_intertext_sep=\dimen166
\l_MT_above_shortintertext_sep=\dimen167
\l_MT_below_shortintertext_sep=\dimen168
\xmathstrut@box=\box55
\xmathstrut@dim=\dimen169
) (/usr/share/texmf-dist/tex/latex/amsfonts/amsfonts.sty
Package: amsfonts 2013/01/14 v3.01 Basic AMSFonts support
\symAMSa=\mathgroup4
\symAMSb=\mathgroup5
LaTeX Font Info:    Redeclaring math symbol \hbar on input line 98.
LaTeX Font Info:    Overwriting math alphabet `\mathfrak' in version `bold'
(Font)                  U/euf/m/n --> U/euf/b/n on input line 106.
) (/usr/share/texmf-dist/tex/latex/amsfonts/amssymb.sty
Package: amssymb 2013/01/14 v3.01 AMS font symbols
) (/usr/share/texmf-dist/tex/latex/stmaryrd/stmaryrd.sty
Package: stmaryrd 1994/03/03 St Mary's Road symbol package
\symstmry=\mathgroup6
LaTeX Font Info:    Overwriting symbol font `stmry' in version `bold'
(Font)                  U/stmry/m/n --> U/stmry/b/n on input line 89.
) (/usr/share/texmf-dist/tex/latex/base/latexsym.sty
Package: latexsym 1998/08/17 v2.2e Standard LaTeX package (lasy symbols)
\symlasy=\mathgroup7
LaTeX Font Info:    Overwriting symbol font `lasy' in version `bold'
(Font)                  U/lasy/m/n --> U/lasy/b/n on input line 52.
) (/usr/share/texmf-dist/tex/latex/cancel/cancel.sty
Package: cancel 2013/04/12 v2.2 Cancel math terms
) (/usr/share/texmf-dist/tex/latex/accents/accents.sty
Package: accents 2006/05/12 v1.4 Math Accent Tools
\cc@skew=\dimen170
\cc@wd=\dimen171
\cc@code=\count283
\cc@group=\count284
\cc@skewchar=\count285
) (/usr/share/texmf-dist/tex/latex/oberdiek/stackrel.sty
Package: stackrel 2016/05/16 v1.3 Adding subscript option to stackrel (HO)
 (/usr/share/texmf-dist/tex/generic/etexcmds/etexcmds.sty
Package: etexcmds 2019/12/15 v1.7 Avoid name clashes with e-TeX commands (HO)
 (/usr/share/texmf-dist/tex/generic/infwarerr/infwarerr.sty
Package: infwarerr 2019/12/03 v1.5 Providing info/warning/error messages (HO)
)) (/usr/share/texmf-dist/tex/generic/pdftexcmds/pdftexcmds.sty
Package: pdftexcmds 2020-06-27 v0.33 Utility functions of pdfTeX for LuaTeX (HO)
 (/usr/share/texmf-dist/tex/generic/ltxcmds/ltxcmds.sty
Package: ltxcmds 2020-05-10 v1.25 LaTeX kernel commands for general use (HO)
)
Package pdftexcmds Info: \pdf@primitive is available.
Package pdftexcmds Info: \pdf@ifprimitive is available.
Package pdftexcmds Info: \pdfdraftmode found.
)) (/usr/share/texmf-dist/tex/latex/graphics/graphicx.sty
Package: graphicx 2021/09/16 v1.2d Enhanced LaTeX Graphics (DPC,SPQR)
 (/usr/share/texmf-dist/tex/latex/graphics/graphics.sty
Package: graphics 2021/03/04 v1.4d Standard LaTeX Graphics (DPC,SPQR)
 (/usr/share/texmf-dist/tex/latex/graphics/trig.sty
Package: trig 2021/08/11 v1.11 sin cos tan (DPC)
) (/usr/share/texmf-dist/tex/latex/graphics-cfg/graphics.cfg
File: graphics.cfg 2016/06/04 v1.11 sample graphics configuration
)
Package graphics Info: Driver file: pdftex.def on input line 107.
 (/usr/share/texmf-dist/tex/latex/graphics-def/pdftex.def
File: pdftex.def 2020/10/05 v1.2a Graphics/color driver for pdftex
))
\Gin@req@height=\dimen172
\Gin@req@width=\dimen173
) (/usr/share/texmf-dist/tex/latex/hyperref/hyperref.sty
Package: hyperref 2022-02-21 v7.00n Hypertext links for LaTeX
 (/usr/share/texmf-dist/tex/generic/kvsetkeys/kvsetkeys.sty
Package: kvsetkeys 2019/12/15 v1.18 Key value parser (HO)
) (/usr/share/texmf-dist/tex/generic/kvdefinekeys/kvdefinekeys.sty
Package: kvdefinekeys 2019-12-19 v1.6 Define keys (HO)
) (/usr/share/texmf-dist/tex/generic/pdfescape/pdfescape.sty
Package: pdfescape 2019/12/09 v1.15 Implements pdfTeX's escape features (HO)
) (/usr/share/texmf-dist/tex/latex/hycolor/hycolor.sty
Package: hycolor 2020-01-27 v1.10 Color options for hyperref/bookmark (HO)
) (/usr/share/texmf-dist/tex/latex/letltxmacro/letltxmacro.sty
Package: letltxmacro 2019/12/03 v1.6 Let assignment for LaTeX macros (HO)
) (/usr/share/texmf-dist/tex/latex/auxhook/auxhook.sty
Package: auxhook 2019-12-17 v1.6 Hooks for auxiliary files (HO)
) (/usr/share/texmf-dist/tex/latex/kvoptions/kvoptions.sty
Package: kvoptions 2020-10-07 v3.14 Key value format for package options (HO)
)
\@linkdim=\dimen174
\Hy@linkcounter=\count286
\Hy@pagecounter=\count287
 (/usr/share/texmf-dist/tex/latex/hyperref/pd1enc.def
File: pd1enc.def 2022-02-21 v7.00n Hyperref: PDFDocEncoding definition (HO)
Now handling font encoding PD1 ...
... no UTF-8 mapping file for font encoding PD1
) (/usr/share/texmf-dist/tex/generic/intcalc/intcalc.sty
Package: intcalc 2019/12/15 v1.3 Expandable calculations with integers (HO)
)
\Hy@SavedSpaceFactor=\count288
 (/usr/share/texmf-dist/tex/latex/hyperref/puenc.def
File: puenc.def 2022-02-21 v7.00n Hyperref: PDF Unicode definition (HO)
Now handling font encoding PU ...
... no UTF-8 mapping file for font encoding PU
)
Package hyperref Info: Hyper figures OFF on input line 4137.
Package hyperref Info: Link nesting OFF on input line 4142.
Package hyperref Info: Hyper index ON on input line 4145.
Package hyperref Info: Plain pages OFF on input line 4152.
Package hyperref Info: Backreferencing OFF on input line 4157.
Package hyperref Info: Implicit mode ON; LaTeX internals redefined.
Package hyperref Info: Bookmarks ON on input line 4390.
\c@Hy@tempcnt=\count289
 (/usr/share/texmf-dist/tex/latex/url/url.sty
\Urlmuskip=\muskip17
Package: url 2013/09/16  ver 3.4  Verb mode for urls, etc.
)
LaTeX Info: Redefining \url on input line 4749.
\XeTeXLinkMargin=\dimen175

(/usr/share/texmf-dist/tex/generic/bitset/bitset.sty
Package: bitset 2019/12/09 v1.3 Handle bit-vector datatype (HO)
 (/usr/share/texmf-dist/tex/generic/bigintcalc/bigintcalc.sty
Package: bigintcalc 2019/12/15 v1.5 Expandable calculations on big integers (HO)
))
\Fld@menulength=\count290
\Field@Width=\dimen176
\Fld@charsize=\dimen177
Package hyperref Info: Hyper figures OFF on input line 6027.
Package hyperref Info: Link nesting OFF on input line 6032.
Package hyperref Info: Hyper index ON on input line 6035.
Package hyperref Info: backreferencing OFF on input line 6042.
Package hyperref Info: Link coloring OFF on input line 6047.
Package hyperref Info: Link coloring with OCG OFF on input line 6052.
Package hyperref Info: PDF/A mode OFF on input line 6057.
LaTeX Info: Redefining \ref on input line 6097.
LaTeX Info: Redefining \pageref on input line 6101.
 (/usr/share/texmf-dist/tex/latex/base/atbegshi-ltx.sty
Package: atbegshi-ltx 2021/01/10 v1.0c Emulation of the original atbegshi
package with kernel methods
)
\Hy@abspage=\count291
\c@Item=\count292
\c@Hfootnote=\count293
)
Package hyperref Info: Driver (autodetected): hpdftex.
 (/usr/share/texmf-dist/tex/latex/hyperref/hpdftex.def
File: hpdftex.def 2022-02-21 v7.00n Hyperref driver for pdfTeX
 (/usr/share/texmf-dist/tex/latex/base/atveryend-ltx.sty
Package: atveryend-ltx 2020/08/19 v1.0a Emulation of the original atveryend package
with kernel methods
)
\Fld@listcount=\count294
\c@bookmark@seq@number=\count295
 (/usr/share/texmf-dist/tex/latex/rerunfilecheck/rerunfilecheck.sty
Package: rerunfilecheck 2019/12/05 v1.9 Rerun checks for auxiliary files (HO)
 (/usr/share/texmf-dist/tex/generic/uniquecounter/uniquecounter.sty
Package: uniquecounter 2019/12/15 v1.4 Provide unlimited unique counter (HO)
)
Package uniquecounter Info: New unique counter `rerunfilecheck' on input line 286.
)
\Hy@SectionHShift=\skip57
) (/usr/share/texmf-dist/tex/latex/xcolor/xcolor.sty
Package: xcolor 2021/10/31 v2.13 LaTeX color extensions (UK)
 (/usr/share/texmf-dist/tex/latex/graphics-cfg/color.cfg
File: color.cfg 2016/01/02 v1.6 sample color configuration
)
Package xcolor Info: Package option `usenames' ignored on input line 218.
Package xcolor Info: Driver file: pdftex.def on input line 227.
Package xcolor Info: Model `cmy' substituted by `cmy0' on input line 1352.
Package xcolor Info: Model `hsb' substituted by `rgb' on input line 1356.
Package xcolor Info: Model `RGB' extended on input line 1368.
Package xcolor Info: Model `HTML' substituted by `rgb' on input line 1370.
Package xcolor Info: Model `Hsb' substituted by `hsb' on input line 1371.
Package xcolor Info: Model `tHsb' substituted by `hsb' on input line 1372.
Package xcolor Info: Model `HSB' substituted by `hsb' on input line 1373.
Package xcolor Info: Model `Gray' substituted by `gray' on input line 1374.
Package xcolor Info: Model `wave' substituted by `hsb' on input line 1375.
 (/usr/share/texmf-dist/tex/latex/graphics/dvipsnam.def
File: dvipsnam.def 2016/06/17 v3.0m Driver-dependent file (DPC,SPQR)
)) (/usr/share/texmf-dist/tex/latex/titlesec/titlesec.sty
Package: titlesec 2021/07/05 v2.14 Sectioning titles
\ttl@box=\box56
\beforetitleunit=\skip58
\aftertitleunit=\skip59
\ttl@plus=\dimen178
\ttl@minus=\dimen179
\ttl@toksa=\toks25
\titlewidth=\dimen180
\titlewidthlast=\dimen181
\titlewidthfirst=\dimen182
) (/usr/share/texmf-dist/tex/latex/ntheorem/ntheorem.sty
Style `ntheorem', Version 1.33 <2011/08/15>
Package: ntheorem 2011/08/15 1.33
(/usr/share/texmf-dist/tex/latex/base/ifthen.sty
Package: ifthen 2020/11/24 v1.1c Standard LaTeX ifthen package (DPC)
)
\theorem@style=\toks26
\theorem@@style=\toks27
\theorembodyfont=\toks28
\theoremnumbering=\toks29
\theorempreskipamount=\skip60
\theorempostskipamount=\skip61
\theoremframepreskipamount=\skip62
\theoremframepostskipamount=\skip63
\theoreminframepreskipamount=\skip64
\theoreminframepostskipamount=\skip65
\theorem@preskip=\toks30
\theorem@postskip=\toks31
\theorem@framepreskip=\toks32
\theorem@framepostskip=\toks33
\theorem@inframepreskip=\toks34
\theorem@inframepostskip=\toks35
\theoremindent=\dimen183
\theorem@indent=\dimen184
\theoremrightindent=\dimen185
\theorem@rightindent=\dimen186
\theoremheaderfont=\toks36
\theoremseparator=\toks37
\theoremprework=\toks38
\theorempostwork=\toks39
\theoremsymbol=\toks40
\qedsymbol=\toks41
\theoremkeyword=\toks42
\qedsymbol=\toks43
\thm@topsep=\skip66
\thm@topsepadd=\skip67
)
\c@defi=\count296
\c@theo=\count297
\c@coro=\count298
\c@lema=\count299
\c@prop=\count300
\c@demo=\count301
\c@obs=\count302
\c@ej=\count303
\c@pg=\count304
\c@il=\count305
 (/usr/share/texmf-dist/tex/latex/pgfplots/pgfplots.sty (/usr/share/texmf-dist/tex/generic/pgfplots/pgfplots.revision.tex)
Package: pgfplots 2021/05/15 v1.18.1 Data Visualization (1.18.1)
 (/usr/share/texmf-dist/tex/latex/pgf/frontendlayer/tikz.sty (/usr/share/texmf-dist/tex/latex/pgf/basiclayer/pgf.sty (/usr/share/texmf-dist/tex/latex/pgf/utilities/pgfrcs.sty (/usr/share/texmf-dist/tex/generic/pgf/utilities/pgfutil-common.tex
\pgfutil@everybye=\toks44
\pgfutil@tempdima=\dimen187
\pgfutil@tempdimb=\dimen188
 (/usr/share/texmf-dist/tex/generic/pgf/utilities/pgfutil-common-lists.tex)) (/usr/share/texmf-dist/tex/generic/pgf/utilities/pgfutil-latex.def
\pgfutil@abb=\box57
) (/usr/share/texmf-dist/tex/generic/pgf/utilities/pgfrcs.code.tex (/usr/share/texmf-dist/tex/generic/pgf/pgf.revision.tex)
Package: pgfrcs 2021/05/15 v3.1.9a (3.1.9a)
))
Package: pgf 2021/05/15 v3.1.9a (3.1.9a)
 (/usr/share/texmf-dist/tex/latex/pgf/basiclayer/pgfcore.sty (/usr/share/texmf-dist/tex/latex/pgf/systemlayer/pgfsys.sty (/usr/share/texmf-dist/tex/generic/pgf/systemlayer/pgfsys.code.tex
Package: pgfsys 2021/05/15 v3.1.9a (3.1.9a)
 (/usr/share/texmf-dist/tex/generic/pgf/utilities/pgfkeys.code.tex
\pgfkeys@pathtoks=\toks45
\pgfkeys@temptoks=\toks46
 (/usr/share/texmf-dist/tex/generic/pgf/utilities/pgfkeysfiltered.code.tex
\pgfkeys@tmptoks=\toks47
))
\pgf@x=\dimen189
\pgf@y=\dimen190
\pgf@xa=\dimen191
\pgf@ya=\dimen192
\pgf@xb=\dimen193
\pgf@yb=\dimen194
\pgf@xc=\dimen195
\pgf@yc=\dimen196
\pgf@xd=\dimen197
\pgf@yd=\dimen198
\w@pgf@writea=\write3
\r@pgf@reada=\read3
\c@pgf@counta=\count306
\c@pgf@countb=\count307
\c@pgf@countc=\count308
\c@pgf@countd=\count309
\t@pgf@toka=\toks48
\t@pgf@tokb=\toks49
\t@pgf@tokc=\toks50
\pgf@sys@id@count=\count310
 (/usr/share/texmf-dist/tex/generic/pgf/systemlayer/pgf.cfg
File: pgf.cfg 2021/05/15 v3.1.9a (3.1.9a)
)
Driver file for pgf: pgfsys-pdftex.def
 (/usr/share/texmf-dist/tex/generic/pgf/systemlayer/pgfsys-pdftex.def
File: pgfsys-pdftex.def 2021/05/15 v3.1.9a (3.1.9a)
 (/usr/share/texmf-dist/tex/generic/pgf/systemlayer/pgfsys-common-pdf.def
File: pgfsys-common-pdf.def 2021/05/15 v3.1.9a (3.1.9a)
))) (/usr/share/texmf-dist/tex/generic/pgf/systemlayer/pgfsyssoftpath.code.tex
File: pgfsyssoftpath.code.tex 2021/05/15 v3.1.9a (3.1.9a)
\pgfsyssoftpath@smallbuffer@items=\count311
\pgfsyssoftpath@bigbuffer@items=\count312
) (/usr/share/texmf-dist/tex/generic/pgf/systemlayer/pgfsysprotocol.code.tex
File: pgfsysprotocol.code.tex 2021/05/15 v3.1.9a (3.1.9a)
)) (/usr/share/texmf-dist/tex/generic/pgf/basiclayer/pgfcore.code.tex
Package: pgfcore 2021/05/15 v3.1.9a (3.1.9a)
 (/usr/share/texmf-dist/tex/generic/pgf/math/pgfmath.code.tex (/usr/share/texmf-dist/tex/generic/pgf/math/pgfmathcalc.code.tex (/usr/share/texmf-dist/tex/generic/pgf/math/pgfmathutil.code.tex) (/usr/share/texmf-dist/tex/generic/pgf/math/pgfmathparser.code.tex
\pgfmath@dimen=\dimen199
\pgfmath@count=\count313
\pgfmath@box=\box58
\pgfmath@toks=\toks51
\pgfmath@stack@operand=\toks52
\pgfmath@stack@operation=\toks53
) (/usr/share/texmf-dist/tex/generic/pgf/math/pgfmathfunctions.code.tex (/usr/share/texmf-dist/tex/generic/pgf/math/pgfmathfunctions.basic.code.tex) (/usr/share/texmf-dist/tex/generic/pgf/math/pgfmathfunctions.trigonometric.code.tex)
(/usr/share/texmf-dist/tex/generic/pgf/math/pgfmathfunctions.random.code.tex) (/usr/share/texmf-dist/tex/generic/pgf/math/pgfmathfunctions.comparison.code.tex) (/usr/share/texmf-dist/tex/generic/pgf/math/pgfmathfunctions.base.code.tex) (/usr/share/texmf-dist/tex/generic/pgf/math/pgfmathfunctions.round.code.tex) (/usr/share/texmf-dist/tex/generic/pgf/math/pgfmathfunctions.misc.code.tex) (/usr/share/texmf-dist/tex/generic/pgf/math/pgfmathfunctions.integerarithmetics.code.tex))) (/usr/share/texmf-dist/tex/generic/pgf/math/pgfmathfloat.code.tex
\c@pgfmathroundto@lastzeros=\count314
)) (/usr/share/texmf-dist/tex/generic/pgf/math/pgfint.code.tex) (/usr/share/texmf-dist/tex/generic/pgf/basiclayer/pgfcorepoints.code.tex
File: pgfcorepoints.code.tex 2021/05/15 v3.1.9a (3.1.9a)
\pgf@picminx=\dimen256
\pgf@picmaxx=\dimen257
\pgf@picminy=\dimen258
\pgf@picmaxy=\dimen259
\pgf@pathminx=\dimen260
\pgf@pathmaxx=\dimen261
\pgf@pathminy=\dimen262
\pgf@pathmaxy=\dimen263
\pgf@xx=\dimen264
\pgf@xy=\dimen265
\pgf@yx=\dimen266
\pgf@yy=\dimen267
\pgf@zx=\dimen268
\pgf@zy=\dimen269
) (/usr/share/texmf-dist/tex/generic/pgf/basiclayer/pgfcorepathconstruct.code.tex
File: pgfcorepathconstruct.code.tex 2021/05/15 v3.1.9a (3.1.9a)
\pgf@path@lastx=\dimen270
\pgf@path@lasty=\dimen271
) (/usr/share/texmf-dist/tex/generic/pgf/basiclayer/pgfcorepathusage.code.tex
File: pgfcorepathusage.code.tex 2021/05/15 v3.1.9a (3.1.9a)
\pgf@shorten@end@additional=\dimen272
\pgf@shorten@start@additional=\dimen273
) (/usr/share/texmf-dist/tex/generic/pgf/basiclayer/pgfcorescopes.code.tex
File: pgfcorescopes.code.tex 2021/05/15 v3.1.9a (3.1.9a)
\pgfpic=\box59
\pgf@hbox=\box60
\pgf@layerbox@main=\box61
\pgf@picture@serial@count=\count315
) (/usr/share/texmf-dist/tex/generic/pgf/basiclayer/pgfcoregraphicstate.code.tex
File: pgfcoregraphicstate.code.tex 2021/05/15 v3.1.9a (3.1.9a)
\pgflinewidth=\dimen274
) (/usr/share/texmf-dist/tex/generic/pgf/basiclayer/pgfcoretransformations.code.tex
File: pgfcoretransformations.code.tex 2021/05/15 v3.1.9a (3.1.9a)
\pgf@pt@x=\dimen275
\pgf@pt@y=\dimen276
\pgf@pt@temp=\dimen277
) (/usr/share/texmf-dist/tex/generic/pgf/basiclayer/pgfcorequick.code.tex
File: pgfcorequick.code.tex 2021/05/15 v3.1.9a (3.1.9a)
) (/usr/share/texmf-dist/tex/generic/pgf/basiclayer/pgfcoreobjects.code.tex
File: pgfcoreobjects.code.tex 2021/05/15 v3.1.9a (3.1.9a)
) (/usr/share/texmf-dist/tex/generic/pgf/basiclayer/pgfcorepathprocessing.code.tex
File: pgfcorepathprocessing.code.tex 2021/05/15 v3.1.9a (3.1.9a)
) (/usr/share/texmf-dist/tex/generic/pgf/basiclayer/pgfcorearrows.code.tex
File: pgfcorearrows.code.tex 2021/05/15 v3.1.9a (3.1.9a)
\pgfarrowsep=\dimen278
) (/usr/share/texmf-dist/tex/generic/pgf/basiclayer/pgfcoreshade.code.tex
File: pgfcoreshade.code.tex 2021/05/15 v3.1.9a (3.1.9a)
\pgf@max=\dimen279
\pgf@sys@shading@range@num=\count316
\pgf@shadingcount=\count317
) (/usr/share/texmf-dist/tex/generic/pgf/basiclayer/pgfcoreimage.code.tex
File: pgfcoreimage.code.tex 2021/05/15 v3.1.9a (3.1.9a)
 (/usr/share/texmf-dist/tex/generic/pgf/basiclayer/pgfcoreexternal.code.tex
File: pgfcoreexternal.code.tex 2021/05/15 v3.1.9a (3.1.9a)
\pgfexternal@startupbox=\box62
)) (/usr/share/texmf-dist/tex/generic/pgf/basiclayer/pgfcorelayers.code.tex
File: pgfcorelayers.code.tex 2021/05/15 v3.1.9a (3.1.9a)
) (/usr/share/texmf-dist/tex/generic/pgf/basiclayer/pgfcoretransparency.code.tex
File: pgfcoretransparency.code.tex 2021/05/15 v3.1.9a (3.1.9a)
) (/usr/share/texmf-dist/tex/generic/pgf/basiclayer/pgfcorepatterns.code.tex
File: pgfcorepatterns.code.tex 2021/05/15 v3.1.9a (3.1.9a)
) (/usr/share/texmf-dist/tex/generic/pgf/basiclayer/pgfcorerdf.code.tex
File: pgfcorerdf.code.tex 2021/05/15 v3.1.9a (3.1.9a)
))) (/usr/share/texmf-dist/tex/generic/pgf/modules/pgfmoduleshapes.code.tex
File: pgfmoduleshapes.code.tex 2021/05/15 v3.1.9a (3.1.9a)
\pgfnodeparttextbox=\box63
)
(/usr/share/texmf-dist/tex/generic/pgf/modules/pgfmoduleplot.code.tex
File: pgfmoduleplot.code.tex 2021/05/15 v3.1.9a (3.1.9a)
) (/usr/share/texmf-dist/tex/latex/pgf/compatibility/pgfcomp-version-0-65.sty
Package: pgfcomp-version-0-65 2021/05/15 v3.1.9a (3.1.9a)
\pgf@nodesepstart=\dimen280
\pgf@nodesepend=\dimen281
) (/usr/share/texmf-dist/tex/latex/pgf/compatibility/pgfcomp-version-1-18.sty
Package: pgfcomp-version-1-18 2021/05/15 v3.1.9a (3.1.9a)
)) (/usr/share/texmf-dist/tex/latex/pgf/utilities/pgffor.sty (/usr/share/texmf-dist/tex/latex/pgf/utilities/pgfkeys.sty (/usr/share/texmf-dist/tex/generic/pgf/utilities/pgfkeys.code.tex)) (/usr/share/texmf-dist/tex/latex/pgf/math/pgfmath.sty (/usr/share/texmf-dist/tex/generic/pgf/math/pgfmath.code.tex)) (/usr/share/texmf-dist/tex/generic/pgf/utilities/pgffor.code.tex
Package: pgffor 2021/05/15 v3.1.9a (3.1.9a)
 (/usr/share/texmf-dist/tex/generic/pgf/math/pgfmath.code.tex)
\pgffor@iter=\dimen282
\pgffor@skip=\dimen283
\pgffor@stack=\toks54
\pgffor@toks=\toks55
)) (/usr/share/texmf-dist/tex/generic/pgf/frontendlayer/tikz/tikz.code.tex
Package: tikz 2021/05/15 v3.1.9a (3.1.9a)
 (/usr/share/texmf-dist/tex/generic/pgf/libraries/pgflibraryplothandlers.code.tex
File: pgflibraryplothandlers.code.tex 2021/05/15 v3.1.9a (3.1.9a)
\pgf@plot@mark@count=\count318
\pgfplotmarksize=\dimen284
)
\tikz@lastx=\dimen285
\tikz@lasty=\dimen286
\tikz@lastxsaved=\dimen287
\tikz@lastysaved=\dimen288
\tikz@lastmovetox=\dimen289
\tikz@lastmovetoy=\dimen290
\tikzleveldistance=\dimen291
\tikzsiblingdistance=\dimen292
\tikz@figbox=\box64
\tikz@figbox@bg=\box65
\tikz@tempbox=\box66
\tikz@tempbox@bg=\box67
\tikztreelevel=\count319
\tikznumberofchildren=\count320
\tikznumberofcurrentchild=\count321
\tikz@fig@count=\count322
 (/usr/share/texmf-dist/tex/generic/pgf/modules/pgfmodulematrix.code.tex
File: pgfmodulematrix.code.tex 2021/05/15 v3.1.9a (3.1.9a)
\pgfmatrixcurrentrow=\count323
\pgfmatrixcurrentcolumn=\count324
\pgf@matrix@numberofcolumns=\count325
)
\tikz@expandcount=\count326
 (/usr/share/texmf-dist/tex/generic/pgf/frontendlayer/tikz/libraries/tikzlibrarytopaths.code.tex
File: tikzlibrarytopaths.code.tex 2021/05/15 v3.1.9a (3.1.9a)
))) (/usr/share/texmf-dist/tex/generic/pgfplots/pgfplots.code.tex (/usr/share/texmf-dist/tex/generic/pgfplots/pgfplotscore.code.tex
\t@pgfplots@toka=\toks56
\t@pgfplots@tokb=\toks57
\t@pgfplots@tokc=\toks58
\pgfplots@tmpa=\dimen293
\c@pgfplots@coordindex=\count327
\c@pgfplots@scanlineindex=\count328
 (/usr/share/texmf-dist/tex/generic/pgfplots/sys/pgfplotssysgeneric.code.tex)) (/usr/share/texmf-dist/tex/generic/pgfplots/libs/pgfplotslibrary.code.tex) (/usr/share/texmf-dist/tex/generic/pgfplots/oldpgfcompatib/pgfplotsoldpgfsupp_loader.code.tex (/usr/share/texmf-dist/tex/generic/pgf/libraries/pgflibraryfpu.code.tex)) (/usr/share/texmf-dist/tex/generic/pgfplots/util/pgfplotsutil.code.tex (/usr/share/texmf-dist/tex/generic/pgfplots/liststructure/pgfplotsliststructure.code.tex) (/usr/share/texmf-dist/tex/generic/pgfplots/liststructure/pgfplotsliststructureext.code.tex) (/usr/share/texmf-dist/tex/generic/pgfplots/liststructure/pgfplotsarray.code.tex
\c@pgfplotsarray@tmp=\count329
) (/usr/share/texmf-dist/tex/generic/pgfplots/liststructure/pgfplotsmatrix.code.tex) (/usr/share/texmf-dist/tex/generic/pgfplots/numtable/pgfplotstableshared.code.tex
\c@pgfplotstable@counta=\count330
\t@pgfplotstable@a=\toks59
)
(/usr/share/texmf-dist/tex/generic/pgfplots/liststructure/pgfplotsdeque.code.tex) (/usr/share/texmf-dist/tex/generic/pgfplots/util/pgfplotsbinary.code.tex (/usr/share/texmf-dist/tex/generic/pgfplots/util/pgfplotsbinary.data.code.tex)) (/usr/share/texmf-dist/tex/generic/pgfplots/util/pgfplotsutil.verb.code.tex) (/usr/share/texmf-dist/tex/generic/pgfplots/libs/pgflibrarypgfplots.surfshading.code.tex
\c@pgfplotslibrarysurf@no=\count331
 (/usr/share/texmf-dist/tex/generic/pgfplots/sys/pgflibrarypgfplots.surfshading.pgfsys-pdftex.def))) (/usr/share/texmf-dist/tex/generic/pgfplots/util/pgfplotscolormap.code.tex (/usr/share/texmf-dist/tex/generic/pgfplots/util/pgfplotscolor.code.tex)) (/usr/share/texmf-dist/tex/generic/pgfplots/pgfplotsstackedplots.code.tex) (/usr/share/texmf-dist/tex/generic/pgfplots/pgfplotsplothandlers.code.tex (/usr/share/texmf-dist/tex/generic/pgfplots/pgfplotsmeshplothandler.code.tex (/usr/share/texmf-dist/tex/generic/pgfplots/pgfplotsmeshplotimage.code.tex))) (/usr/share/texmf-dist/tex/generic/pgfplots/pgfplots.scaling.code.tex) (/usr/share/texmf-dist/tex/generic/pgfplots/pgfplotscoordprocessing.code.tex) (/usr/share/texmf-dist/tex/generic/pgfplots/pgfplots.errorbars.code.tex) (/usr/share/texmf-dist/tex/generic/pgfplots/pgfplots.markers.code.tex) (/usr/share/texmf-dist/tex/generic/pgfplots/pgfplotsticks.code.tex) (/usr/share/texmf-dist/tex/generic/pgfplots/pgfplots.paths.code.tex) (/usr/share/texmf-dist/tex/generic/pgf/frontendlayer/tikz/libraries/tikzlibrarydecorations.code.tex (/usr/share/texmf-dist/tex/generic/pgf/modules/pgfmoduledecorations.code.tex
\pgfdecoratedcompleteddistance=\dimen294
\pgfdecoratedremainingdistance=\dimen295
\pgfdecoratedinputsegmentcompleteddistance=\dimen296
\pgfdecoratedinputsegmentremainingdistance=\dimen297
\pgf@decorate@distancetomove=\dimen298
\pgf@decorate@repeatstate=\count332
\pgfdecorationsegmentamplitude=\dimen299
\pgfdecorationsegmentlength=\dimen300
)
\tikz@lib@dec@box=\box68
) (/usr/share/texmf-dist/tex/generic/pgf/frontendlayer/tikz/libraries/tikzlibrarydecorations.pathmorphing.code.tex (/usr/share/texmf-dist/tex/generic/pgf/libraries/decorations/pgflibrarydecorations.pathmorphing.code.tex)) (/usr/share/texmf-dist/tex/generic/pgf/frontendlayer/tikz/libraries/tikzlibrarydecorations.pathreplacing.code.tex
(/usr/share/texmf-dist/tex/generic/pgf/libraries/decorations/pgflibrarydecorations.pathreplacing.code.tex)) (/usr/share/texmf-dist/tex/generic/pgfplots/libs/tikzlibrarypgfplots.contourlua.code.tex)
\pgfplots@numplots=\count333
\pgfplots@xmin@reg=\dimen301
\pgfplots@xmax@reg=\dimen302
\pgfplots@ymin@reg=\dimen303
\pgfplots@ymax@reg=\dimen304
\pgfplots@zmin@reg=\dimen305
\pgfplots@zmax@reg=\dimen306
) (/usr/share/texmf-dist/tex/generic/pgf/frontendlayer/tikz/libraries/tikzlibraryplotmarks.code.tex
File: tikzlibraryplotmarks.code.tex 2021/05/15 v3.1.9a (3.1.9a)
 (/usr/share/texmf-dist/tex/generic/pgf/libraries/pgflibraryplotmarks.code.tex
File: pgflibraryplotmarks.code.tex 2021/05/15 v3.1.9a (3.1.9a)
))) (/usr/share/texmf-dist/tex/latex/tkz-fct/tkz-fct.sty
2022/01/27 1.7c function tkz-fct
Package: tkz-fct 2022/01/27 1.7c function 
\tkz@tkzf@fct=\count334
(/usr/share/texmf-dist/tex/latex/tkz-base/tkz-base.sty
2022/01/28 4.05b tkz-base.sty
Package: tkz-base 2022/01/28 4.05b tkz-base
(/usr/share/texmf-dist/tex/generic/pgf/frontendlayer/tikz/libraries/tikzlibraryangles.code.tex
File: tikzlibraryangles.code.tex 2021/05/15 v3.1.9a (3.1.9a)
) (/usr/share/texmf-dist/tex/generic/pgf/frontendlayer/tikz/libraries/tikzlibraryarrows.code.tex
File: tikzlibraryarrows.code.tex 2021/05/15 v3.1.9a (3.1.9a)
 (/usr/share/texmf-dist/tex/generic/pgf/libraries/pgflibraryarrows.code.tex
File: pgflibraryarrows.code.tex 2021/05/15 v3.1.9a (3.1.9a)
\arrowsize=\dimen307
)) (/usr/share/texmf-dist/tex/generic/pgf/libraries/pgflibraryarrows.meta.code.tex
File: pgflibraryarrows.meta.code.tex 2021/05/15 v3.1.9a (3.1.9a)
\pgfarrowinset=\dimen308
\pgfarrowlength=\dimen309
\pgfarrowwidth=\dimen310
\pgfarrowlinewidth=\dimen311
) (/usr/share/texmf-dist/tex/generic/pgf/frontendlayer/tikz/libraries/tikzlibrarycalc.code.tex
File: tikzlibrarycalc.code.tex 2021/05/15 v3.1.9a (3.1.9a)
) (/usr/share/texmf-dist/tex/generic/pgf/frontendlayer/tikz/libraries/tikzlibrarydecorations.markings.code.tex (/usr/share/texmf-dist/tex/generic/pgf/libraries/decorations/pgflibrarydecorations.markings.code.tex)) (/usr/share/texmf-dist/tex/generic/pgf/frontendlayer/tikz/libraries/tikzlibrarydecorations.shapes.code.tex (/usr/share/texmf-dist/tex/generic/pgf/libraries/decorations/pgflibrarydecorations.shapes.code.tex)) (/usr/share/texmf-dist/tex/generic/pgf/frontendlayer/tikz/libraries/tikzlibrarydecorations.text.code.tex (/usr/share/texmf-dist/tex/generic/pgf/libraries/decorations/pgflibrarydecorations.text.code.tex
\pgf@lib@dec@text@box=\box69
)
\tikz@lib@dec@te@box=\box70
) (/usr/share/texmf-dist/tex/generic/pgf/frontendlayer/tikz/libraries/tikzlibraryintersections.code.tex (/usr/share/texmf-dist/tex/generic/pgf/libraries/pgflibraryintersections.code.tex
\pgf@intersect@solutions=\count335
)) (/usr/share/texmf-dist/tex/generic/pgf/frontendlayer/tikz/libraries/tikzlibraryquotes.code.tex
File: tikzlibraryquotes.code.tex 2021/05/15 v3.1.9a (3.1.9a)
) (/usr/share/texmf-dist/tex/generic/pgf/frontendlayer/tikz/libraries/tikzlibraryshapes.misc.code.tex
File: tikzlibraryshapes.misc.code.tex 2021/05/15 v3.1.9a (3.1.9a)
 (/usr/share/texmf-dist/tex/generic/pgf/libraries/shapes/pgflibraryshapes.misc.code.tex
File: pgflibraryshapes.misc.code.tex 2021/05/15 v3.1.9a (3.1.9a)
)) (/usr/share/texmf-dist/tex/generic/pgf/frontendlayer/tikz/libraries/tikzlibrarypositioning.code.tex
File: tikzlibrarypositioning.code.tex 2021/05/15 v3.1.9a (3.1.9a)
) (/usr/share/texmf-dist/tex/generic/pgf/frontendlayer/tikz/libraries/tikzlibraryshadows.code.tex
File: tikzlibraryshadows.code.tex 2021/05/15 v3.1.9a (3.1.9a)
 (/usr/share/texmf-dist/tex/generic/pgf/frontendlayer/tikz/libraries/tikzlibraryfadings.code.tex
File: tikzlibraryfadings.code.tex 2021/05/15 v3.1.9a (3.1.9a)
 (/usr/share/texmf-dist/tex/generic/pgf/libraries/pgflibraryfadings.code.tex
File: pgflibraryfadings.code.tex 2021/05/15 v3.1.9a (3.1.9a)
)))
(/usr/share/texmf-dist/tex/generic/pgf/frontendlayer/tikz/libraries/tikzlibrarypatterns.code.tex
File: tikzlibrarypatterns.code.tex 2021/05/15 v3.1.9a (3.1.9a)
 (/usr/share/texmf-dist/tex/generic/pgf/libraries/pgflibrarypatterns.code.tex
File: pgflibrarypatterns.code.tex 2021/05/15 v3.1.9a (3.1.9a)
)) (/usr/share/texmf-dist/tex/generic/pgf/frontendlayer/tikz/libraries/tikzlibrarythrough.code.tex
File: tikzlibrarythrough.code.tex 2021/05/15 v3.1.9a (3.1.9a)
) (/usr/share/texmf-dist/tex/latex/numprint/numprint.sty
Package: numprint 2012/08/20 v1.39 Print numbers (HH)
 (/usr/share/texmf-dist/tex/latex/tools/array.sty
Package: array 2021/10/04 v2.5f Tabular extension package (FMi)
\col@sep=\dimen312
\ar@mcellbox=\box71
\extrarowheight=\dimen313
\NC@list=\toks60
\extratabsurround=\skip68
\backup@length=\skip69
\ar@cellbox=\box72
)
\c@nprt@mantissa@digitsbefore=\count336
\c@nprt@mantissa@digitsafter=\count337
\c@nprt@exponent@digitsbefore=\count338
\c@nprt@exponent@digitsafter=\count339
\nprt@digitwidth=\skip70
\nprt@sepwidth=\skip71
\nprt@decimalwidth=\skip72
\nprt@blockwidth=\skip73
\nprt@digittoks=\toks61
\nprt@pretoks=\toks62
\nprt@posttoks=\toks63
\nprt@thisdigit=\count340
\nprt@curpos=\count341
\nprt@rndpos=\count342
\c@nprt@digitsfirstblock=\count343
\c@nprt@blockcnt=\count344
\c@nprt@cntprint=\count345
 No configuration file `numprint.cfg' found.) (/usr/share/texmf-dist/tex/latex/l3packages/xfp/xfp.sty (/usr/share/texmf-dist/tex/latex/l3kernel/expl3.sty
Package: expl3 2022-04-10 L3 programming layer (loader) 
 (/usr/share/texmf-dist/tex/latex/l3backend/l3backend-pdftex.def
File: l3backend-pdftex.def 2022-04-14 L3 backend support: PDF output (pdfTeX)
\l__color_backend_stack_int=\count346
\l__pdf_internal_box=\box73
))
Package: xfp 2022-01-12 L3 Floating point unit
) (/usr/share/texmf-dist/tex/latex/fp/fp.sty
Package: fp 1995/04/02
 `Fixed Point Package', Version 0.8, April 2, 1995 (C) Michael Mehlich (/usr/share/texmf-dist/tex/latex/fp/defpattern.sty
Package: defpattern 1994/10/12
\actioncount=\count347
) (/usr/share/texmf-dist/tex/latex/fp/fp-basic.sty
Package: fp-basic 1996/05/13
\FP@xs=\count348
\FP@xia=\count349
\FP@xib=\count350
\FP@xfa=\count351
\FP@xfb=\count352
\FP@rega=\count353
\FP@regb=\count354
\FP@regs=\count355
\FP@times=\count356
) (/usr/share/texmf-dist/tex/latex/fp/fp-addons.sty
Package: fp-addons 1995/03/15
) (/usr/share/texmf-dist/tex/latex/fp/fp-snap.sty
Package: fp-snap 1995/04/05
) (/usr/share/texmf-dist/tex/latex/fp/fp-exp.sty
Package: fp-exp 1995/04/03
) (/usr/share/texmf-dist/tex/latex/fp/fp-trigo.sty
Package: fp-trigo 1995/04/14
) (/usr/share/texmf-dist/tex/latex/fp/fp-pas.sty
Package: fp-pas 1994/08/29
) (/usr/share/texmf-dist/tex/latex/fp/fp-random.sty
Package: fp-random 1995/02/23
\FPseed=\count357
) (/usr/share/texmf-dist/tex/latex/fp/fp-eqn.sty
Package: fp-eqn 1995/04/03
) (/usr/share/texmf-dist/tex/latex/fp/fp-upn.sty
Package: fp-upn 1996/10/21
) (/usr/share/texmf-dist/tex/latex/fp/fp-eval.sty
Package: fp-eval 1995/04/03
))
\tkz@ax=\dimen314
\tkz@ay=\dimen315
\tkz@bx=\dimen316
\tkz@by=\dimen317
\tkz@cx=\dimen318
\tkz@cy=\dimen319
\tkz@dx=\dimen320
\tkz@dy=\dimen321
\tkz@tax=\dimen322
\tkz@tay=\dimen323
\tkz@tbx=\dimen324
\tkz@tby=\dimen325
\tkz@tcx=\dimen326
\tkz@tcy=\dimen327
\tkz@tdx=\dimen328
\tkz@tdy=\dimen329
\tkz@cntmk=\count358

Local configuration file tkz-base.cfg found and used
(/usr/share/texmf-dist/tex/latex/tkz-base/tkz-base.cfg
2022/01/28 4.05b tkz-base.cfg
) (/usr/share/texmf-dist/tex/latex/tkz-base/tkz-tools-modules.tex
2022/01/28 4.05b tkz-tools-modules.tex
) (/usr/share/texmf-dist/tex/latex/tkz-base/tkz-lib-marks.tex
2022/01/28 4.05b tkz-lib-marks.tex
) (/usr/share/texmf-dist/tex/latex/tkz-base/tkz-lib-shape.tex
2022/01/28 4.05b tkz-lib-shape.tex
) (/usr/share/texmf-dist/tex/latex/tkz-base/tkz-tools-base.tex
2022/01/28 4.05b tkz-tools-base.tex
) (/usr/share/texmf-dist/tex/latex/tkz-base/tkz-tools-utilities.tex
2022/01/28 4.05b tkz-tools-utilities.tex
) (/usr/share/texmf-dist/tex/latex/tkz-base/tkz-tools-colors.tex
2022/01/28 4.05b tkz-tools-colors
) (/usr/share/texmf-dist/tex/latex/tkz-base/tkz-tools-text.tex
2022/01/28 4.05b tkz-tools-text.tex
) (/usr/share/texmf-dist/tex/latex/tkz-base/tkz-tools-BB.tex
2022/01/28 4.05b tkz-obj-BB.tex
) (/usr/share/texmf-dist/tex/latex/tkz-base/tkz-tools-arith.tex
2022/01/28 4.05b tkz-tools-arith.tex
File: tkz-tool-arith.tex tkz-tool-arith 3.02 c
) (/usr/share/texmf-dist/tex/latex/tkz-base/tkz-tools-print.tex
2022/01/28 4.05b tkz-tools-print
) (/usr/share/texmf-dist/tex/latex/tkz-base/tkz-tools-misc.tex
2022/01/28 4.05b tkz-tools-misc.tex
) (/usr/share/texmf-dist/tex/latex/tkz-base/tkz-obj-axes.tex
2022/01/28 4.05b tkz-obj-axes
) (/usr/share/texmf-dist/tex/latex/tkz-base/tkz-obj-grids.tex
2022/01/28 4.05b tkz-obj-grids.tex
) (/usr/share/texmf-dist/tex/latex/tkz-base/tkz-obj-marks.tex
2022/01/28 4.05b tkz-obj-marks.tex
) (/usr/share/texmf-dist/tex/latex/tkz-base/tkz-obj-points.tex
2022/01/28 4.05b tkz-obj-eu-points.tex
) (/usr/share/texmf-dist/tex/latex/tkz-base/tkz-obj-rep.tex
2022/01/28 4.05b tkz-obj-rep.tex
)) ( FP-EVAL ( FP-UPN ) ) ( FP-EVAL ( FP-UPN ) ) ( FP-EVAL ( FP-UPN ( FP-SUB ) ) ) ( FP-EVAL ( FP-UPN ) ) ( FP-EVAL ( FP-UPN ( FP-SUB ) ) ) ( FP-EVAL ( FP-UPN ) )) (/usr/share/texmf-dist/tex/generic/pgfplots/libs/tikzlibrarypgfplots.fillbetween.code.tex (/usr/share/texmf-dist/tex/generic/pgfplots/pgfcontrib/tikzlibraryfillbetween.code.tex (/usr/share/texmf-dist/tex/generic/pgfplots/pgfcontrib/tikzlibrarydecorations.softclip.code.tex (/usr/share/texmf-dist/tex/generic/pgfplots/pgfcontrib/pgflibraryfillbetween.code.tex))) (/usr/share/texmf-dist/tex/generic/pgfplots/libs/tikzlibrarypgfplots.decorations.softclip.code.tex)) (/usr/share/texmf-dist/tex/latex/tikz-3dplot/tikz-3dplot.sty (/usr/share/texmf-dist/tex/generic/pgf/frontendlayer/tikz/libraries/tikzlibrary3d.code.tex
File: tikzlibrary3d.code.tex 2021/05/15 v3.1.9a (3.1.9a)
)) (/usr/share/texmf-dist/tex/generic/pgf/frontendlayer/tikz/libraries/tikzlibraryshapes.code.tex
File: tikzlibraryshapes.code.tex 2021/05/15 v3.1.9a (3.1.9a)
 (/usr/share/texmf-dist/tex/generic/pgf/frontendlayer/tikz/libraries/tikzlibraryshapes.geometric.code.tex
File: tikzlibraryshapes.geometric.code.tex 2021/05/15 v3.1.9a (3.1.9a)
 (/usr/share/texmf-dist/tex/generic/pgf/libraries/shapes/pgflibraryshapes.geometric.code.tex
File: pgflibraryshapes.geometric.code.tex 2021/05/15 v3.1.9a (3.1.9a)
)) (/usr/share/texmf-dist/tex/generic/pgf/frontendlayer/tikz/libraries/tikzlibraryshapes.symbols.code.tex
File: tikzlibraryshapes.symbols.code.tex 2021/05/15 v3.1.9a (3.1.9a)
 (/usr/share/texmf-dist/tex/generic/pgf/libraries/shapes/pgflibraryshapes.symbols.code.tex
File: pgflibraryshapes.symbols.code.tex 2021/05/15 v3.1.9a (3.1.9a)
)) (/usr/share/texmf-dist/tex/generic/pgf/frontendlayer/tikz/libraries/tikzlibraryshapes.arrows.code.tex
File: tikzlibraryshapes.arrows.code.tex 2021/05/15 v3.1.9a (3.1.9a)
 (/usr/share/texmf-dist/tex/generic/pgf/libraries/shapes/pgflibraryshapes.arrows.code.tex
File: pgflibraryshapes.arrows.code.tex 2021/05/15 v3.1.9a (3.1.9a)
)) (/usr/share/texmf-dist/tex/generic/pgf/frontendlayer/tikz/libraries/tikzlibraryshapes.callouts.code.tex (/usr/share/texmf-dist/tex/generic/pgf/libraries/shapes/pgflibraryshapes.callouts.code.tex)) (/usr/share/texmf-dist/tex/generic/pgf/frontendlayer/tikz/libraries/tikzlibraryshapes.multipart.code.tex
File: tikzlibraryshapes.multipart.code.tex 2021/05/15 v3.1.9a (3.1.9a)
 (/usr/share/texmf-dist/tex/generic/pgf/libraries/shapes/pgflibraryshapes.multipart.code.tex
File: pgflibraryshapes.multipart.code.tex 2021/05/15 v3.1.9a (3.1.9a)
\pgfnodepartlowerbox=\box74
\pgfnodeparttwobox=\box75
\pgfnodepartthreebox=\box76
\pgfnodepartfourbox=\box77
\pgfnodeparttwentybox=\box78
\pgfnodepartnineteenbox=\box79
\pgfnodeparteighteenbox=\box80
\pgfnodepartseventeenbox=\box81
\pgfnodepartsixteenbox=\box82
\pgfnodepartfifteenbox=\box83
\pgfnodepartfourteenbox=\box84
\pgfnodepartthirteenbox=\box85
\pgfnodeparttwelvebox=\box86
\pgfnodepartelevenbox=\box87
\pgfnodeparttenbox=\box88
\pgfnodepartninebox=\box89
\pgfnodeparteightbox=\box90
\pgfnodepartsevenbox=\box91
\pgfnodepartsixbox=\box92
\pgfnodepartfivebox=\box93
))) (./TOEL.aux
LaTeX Info: Redefining \. on input line 25.
LaTeX Info: Redefining \% on input line 25.
LaTeX Info: Redefining \. on input line 26.
LaTeX Info: Redefining \% on input line 26.
)
\openout1 = `TOEL.aux'.

LaTeX Font Info:    Checking defaults for OML/cmm/m/it on input line 137.
LaTeX Font Info:    ... okay on input line 137.
LaTeX Font Info:    Checking defaults for OMS/cmsy/m/n on input line 137.
LaTeX Font Info:    ... okay on input line 137.
LaTeX Font Info:    Checking defaults for OT1/cmr/m/n on input line 137.
LaTeX Font Info:    ... okay on input line 137.
LaTeX Font Info:    Checking defaults for T1/cmr/m/n on input line 137.
LaTeX Font Info:    ... okay on input line 137.
LaTeX Font Info:    Checking defaults for TS1/cmr/m/n on input line 137.
LaTeX Font Info:    ... okay on input line 137.
LaTeX Font Info:    Checking defaults for OMX/cmex/m/n on input line 137.
LaTeX Font Info:    ... okay on input line 137.
LaTeX Font Info:    Checking defaults for U/cmr/m/n on input line 137.
LaTeX Font Info:    ... okay on input line 137.
LaTeX Font Info:    Checking defaults for PD1/pdf/m/n on input line 137.
LaTeX Font Info:    ... okay on input line 137.
LaTeX Font Info:    Checking defaults for PU/pdf/m/n on input line 137.
LaTeX Font Info:    ... okay on input line 137.

*geometry* driver: auto-detecting
*geometry* detected driver: pdftex
*geometry* verbose mode - [ preamble ] result:
* driver: pdftex
* paper: a4paper
* layout: <same size as paper>
* layoutoffset:(h,v)=(0.0pt,0.0pt)
* modes: twoside 
* h-part:(L,W,R)=(85.35826pt, 426.79135pt, 85.35826pt)
* v-part:(T,H,B)=(71.13188pt, 702.78308pt, 71.13188pt)
* \paperwidth=597.50787pt
* \paperheight=845.04684pt
* \textwidth=426.79135pt
* \textheight=702.78308pt
* \oddsidemargin=13.08827pt
* \evensidemargin=13.08827pt
* \topmargin=-31.2056pt
* \headheight=12.0pt
* \headsep=18.06749pt
* \topskip=10.0pt
* \footskip=25.29494pt
* \marginparwidth=115.0pt
* \marginparsep=7.0pt
* \columnsep=10.0pt
* \skip\footins=9.0pt plus 4.0pt minus 2.0pt
* \hoffset=0.0pt
* \voffset=0.0pt
* \mag=1000
* \@twocolumnfalse
* \@twosidetrue
* \@mparswitchtrue
* \@reversemarginfalse
* (1in=72.27pt=25.4mm, 1cm=28.453pt)

LaTeX Info: Redefining \. on input line 137.
LaTeX Info: Redefining \% on input line 137.
(/usr/share/texmf-dist/tex/context/base/mkii/supp-pdf.mkii
[Loading MPS to PDF converter (version 2006.09.02).]
\scratchcounter=\count359
\scratchdimen=\dimen330
\scratchbox=\box94
\nofMPsegments=\count360
\nofMParguments=\count361
\everyMPshowfont=\toks64
\MPscratchCnt=\count362
\MPscratchDim=\dimen331
\MPnumerator=\count363
\makeMPintoPDFobject=\count364
\everyMPtoPDFconversion=\toks65
) (/usr/share/texmf-dist/tex/latex/epstopdf-pkg/epstopdf-base.sty
Package: epstopdf-base 2020-01-24 v2.11 Base part for package epstopdf
Package epstopdf-base Info: Redefining graphics rule for `.eps' on input line 485.
 (/usr/share/texmf-dist/tex/latex/latexconfig/epstopdf-sys.cfg
File: epstopdf-sys.cfg 2010/07/13 v1.3 Configuration of (r)epstopdf for TeX Live
))
Package hyperref Info: Link coloring OFF on input line 137.
 (/usr/share/texmf-dist/tex/latex/hyperref/nameref.sty
Package: nameref 2021-04-02 v2.47 Cross-referencing by name of section
 (/usr/share/texmf-dist/tex/latex/refcount/refcount.sty
Package: refcount 2019/12/15 v3.6 Data extraction from label references (HO)
) (/usr/share/texmf-dist/tex/generic/gettitlestring/gettitlestring.sty
Package: gettitlestring 2019/12/15 v1.6 Cleanup title references (HO)
)
\c@section@level=\count365
)
LaTeX Info: Redefining \ref on input line 137.
LaTeX Info: Redefining \pageref on input line 137.
LaTeX Info: Redefining \nameref on input line 137.
 (./TOEL.out) (./TOEL.out)
\@outlinefile=\write4
\openout4 = `TOEL.out'.


Package pgfplots notification 'compat/show suggested version=true': you might benefit from \pgfplotsset{compat=1.18} (current compat level: 1.17).

LaTeX Info: Redefining \. on input line 137.
LaTeX Info: Redefining \% on input line 137.
LaTeX Font Info:    Trying to load font information for U+msa on input line 139.
(/usr/share/texmf-dist/tex/latex/amsfonts/umsa.fd
File: umsa.fd 2013/01/14 v3.01 AMS symbols A
)
LaTeX Font Info:    Trying to load font information for U+msb on input line 139.
 (/usr/share/texmf-dist/tex/latex/amsfonts/umsb.fd
File: umsb.fd 2013/01/14 v3.01 AMS symbols B
)
LaTeX Font Info:    Trying to load font information for U+stmry on input line 139.
 (/usr/share/texmf-dist/tex/latex/stmaryrd/Ustmry.fd)
LaTeX Font Info:    Trying to load font information for U+lasy on input line 139.
 (/usr/share/texmf-dist/tex/latex/base/ulasy.fd
File: ulasy.fd 1998/08/17 v2.2e LaTeX symbol font definitions
) [1


{/var/lib/texmf/fonts/map/pdftex/updmap/pdftex.map}] [2

] (./TOEL.toc
LaTeX Info: Redefining \. on input line 1.
LaTeX Info: Redefining \% on input line 1.
LaTeX Info: Redefining \. on input line 2.
LaTeX Info: Redefining \% on input line 2.
 [3] [4] [5])
\tf@toc=\write5
\openout5 = `TOEL.toc'.

 [6]
Cap\'{\i }tulo 1.
Package hyperref Info: bookmark level for unknown defi defaults to 0 on input line 147.
Package hyperref Info: bookmark level for unknown ej defaults to 0 on input line 157.
<images/topologia_metricas.png, id=504, 1795.70876pt x 310.15875pt>
File: images/topologia_metricas.png Graphic file (type png)
<use images/topologia_metricas.png>
Package pdftex.def Info: images/topologia_metricas.png  used on input line 168.
(pdftex.def)             Requested size: 359.13539pt x 62.03064pt.
[7

 <./images/topologia_metricas.png (PNG copy)>]
<images/def_entornos.png, id=530, 1336.995pt x 320.19624pt>
File: images/def_entornos.png Graphic file (type png)
<use images/def_entornos.png>
Package pdftex.def Info: images/def_entornos.png  used on input line 199.
(pdftex.def)             Requested size: 267.39426pt x 64.0381pt.
Package hyperref Info: bookmark level for unknown obs defaults to 0 on input line 202.
Package hyperref Info: bookmark level for unknown demo defaults to 0 on input line 212.
<images/def_interior.png, id=531, 653.44125pt x 240.9pt>
File: images/def_interior.png Graphic file (type png)
<use images/def_interior.png>
Package pdftex.def Info: images/def_interior.png  used on input line 227.
(pdftex.def)             Requested size: 261.37187pt x 96.35828pt.
Package hyperref Info: bookmark level for unknown prop defaults to 0 on input line 231.
 [8 <./images/def_entornos.png (PNG copy)> <./images/def_interior.png (PNG copy)>]
<images/def_cerrados.png, id=548, 637.38126pt x 262.9825pt>
File: images/def_cerrados.png Graphic file (type png)
<use images/def_cerrados.png>
Package pdftex.def Info: images/def_cerrados.png  used on input line 299.
(pdftex.def)             Requested size: 191.21585pt x 78.89534pt.
 [9] [10 <./images/def_cerrados.png (PNG copy)>] [11]
Package hyperref Info: bookmark level for unknown pg defaults to 0 on input line 449.
Package hyperref Info: bookmark level for unknown il defaults to 0 on input line 453.
 [12]
<images/base_rn.png, id=622, 273.02pt x 250.9375pt>
File: images/base_rn.png Graphic file (type png)
<use images/base_rn.png>
Package pdftex.def Info: images/base_rn.png  used on input line 495.
(pdftex.def)             Requested size: 81.90663pt x 75.28181pt.
<images/bases_alternativas_rn.png, id=623, 181.67876pt x 81.30376pt>
File: images/bases_alternativas_rn.png Graphic file (type png)
<use images/bases_alternativas_rn.png>
Package pdftex.def Info: images/bases_alternativas_rn.png  used on input line 499.
(pdftex.def)             Requested size: 54.50404pt x 24.3913pt.
<images/base_unica.png, id=624, 277.035pt x 204.765pt>
File: images/base_unica.png Graphic file (type png)
<use images/base_unica.png>
Package pdftex.def Info: images/base_unica.png  used on input line 524.
(pdftex.def)             Requested size: 83.11113pt x 61.42996pt.
 [13 <./images/base_rn.png (PNG copy)> <./images/bases_alternativas_rn.png (PNG copy)>]
<images/def_subespacio_top.png, id=641, 408.52625pt x 142.5325pt>
File: images/def_subespacio_top.png Graphic file (type png)
<use images/def_subespacio_top.png>
Package pdftex.def Info: images/def_subespacio_top.png  used on input line 555.
(pdftex.def)             Requested size: 122.55882pt x 42.76007pt.
 [14 <./images/base_unica.png (PNG copy)> <./images/def_subespacio_top.png (PNG copy)>]
<images/def_subespacio_discreto.png, id=655, 563.10374pt x 97.36375pt>
File: images/def_subespacio_discreto.png Graphic file (type png)
<use images/def_subespacio_discreto.png>
Package pdftex.def Info: images/def_subespacio_discreto.png  used on input line 590.
(pdftex.def)             Requested size: 168.93242pt x 29.20934pt.
 [15 <./images/def_subespacio_discreto.png (PNG copy)>] [16

]
Cap\'{\i }tulo 2.
[17] [18] [19] [20] [21] [22

]
Cap\'{\i }tulo 3.
Package hyperref Info: bookmark level for unknown theo defaults to 0 on input line 867.
<images/caracterizacion_img_inv.png, id=747, 246.9225pt x 198.7425pt>
File: images/caracterizacion_img_inv.png Graphic file (type png)
<use images/caracterizacion_img_inv.png>
Package pdftex.def Info: images/caracterizacion_img_inv.png  used on input line 880.
(pdftex.def)             Requested size: 74.0773pt x 59.6232pt.
<images/dem_carac_img_inv_1.png, id=748, 367.3725pt x 217.81375pt>
File: images/dem_carac_img_inv_1.png Graphic file (type png)
<use images/dem_carac_img_inv_1.png>
Package pdftex.def Info: images/dem_carac_img_inv_1.png  used on input line 895.
(pdftex.def)             Requested size: 146.94638pt x 87.12395pt.
<images/dem_carac_img_inv_2.png, id=749, 306.14375pt x 190.7125pt>
File: images/dem_carac_img_inv_2.png Graphic file (type png)
<use images/dem_carac_img_inv_2.png>
Package pdftex.def Info: images/dem_carac_img_inv_2.png  used on input line 896.
(pdftex.def)             Requested size: 122.45532pt x 76.28363pt.
[23 <./images/caracterizacion_img_inv.png (PNG copy)> <./images/dem_carac_img_inv_1.png (PNG copy)> <./images/dem_carac_img_inv_2.png (PNG copy)>]
<images/caracterizacion_img_dir.png, id=764, 246.9225pt x 188.705pt>
File: images/caracterizacion_img_dir.png Graphic file (type png)
<use images/caracterizacion_img_dir.png>
Package pdftex.def Info: images/caracterizacion_img_dir.png  used on input line 972.
(pdftex.def)             Requested size: 74.0773pt x 56.61192pt.
 [24]
<images/dem_carac_img_dir_1.png, id=780, 305.14pt x 215.80624pt>
File: images/dem_carac_img_dir_1.png Graphic file (type png)
<use images/dem_carac_img_dir_1.png>
Package pdftex.def Info: images/dem_carac_img_dir_1.png  used on input line 987.
(pdftex.def)             Requested size: 122.05382pt x 86.32095pt.
<images/dem_carac_img_dir_2.png, id=781, 229.85875pt x 200.75pt>
File: images/dem_carac_img_dir_2.png Graphic file (type png)
<use images/dem_carac_img_dir_2.png>
Package pdftex.def Info: images/dem_carac_img_dir_2.png  used on input line 988.
(pdftex.def)             Requested size: 91.94186pt x 80.29857pt.
<images/ej_sat_1.png, id=782, 456.70625pt x 256.96pt>
File: images/ej_sat_1.png Graphic file (type png)
<use images/ej_sat_1.png>
Package pdftex.def Info: images/ej_sat_1.png  used on input line 1032.
(pdftex.def)             Requested size: 182.67926pt x 102.78217pt.
 [25 <./images/caracterizacion_img_dir.png (PNG copy)> <./images/dem_carac_img_dir_1.png (PNG copy)> <./images/dem_carac_img_dir_2.png (PNG copy)>]
<images/ej_top_dir_2.png, id=801, 901.3675pt x 424.58624pt>
File: images/ej_top_dir_2.png Graphic file (type png)
<use images/ej_top_dir_2.png>
Package pdftex.def Info: images/ej_top_dir_2.png  used on input line 1045.
(pdftex.def)             Requested size: 270.41232pt x 127.37685pt.
<images/def_cociente.png, id=802, 500.87125pt x 372.39125pt>
File: images/def_cociente.png Graphic file (type png)
<use images/def_cociente.png>
Package pdftex.def Info: images/def_cociente.png  used on input line 1075.
(pdftex.def)             Requested size: 100.17247pt x 74.47693pt.
 [26 <./images/ej_sat_1.png (PNG copy)> <./images/ej_top_dir_2.png (PNG copy)>]
<images/ej_cociente_1.png, id=813, 271.0125pt x 206.7725pt>
File: images/ej_cociente_1.png Graphic file (type png)
<use images/ej_cociente_1.png>
Package pdftex.def Info: images/ej_cociente_1.png  used on input line 1093.
(pdftex.def)             Requested size: 108.40306pt x 82.70752pt.
<images/ej_cociente_2.png, id=814, 318.18875pt x 216.81pt>
File: images/ej_cociente_2.png Graphic file (type png)
<use images/ej_cociente_2.png>
Package pdftex.def Info: images/ej_cociente_2.png  used on input line 1094.
(pdftex.def)             Requested size: 127.27324pt x 86.72246pt.
<images/ej_cociente_3.png, id=815, 669.50125pt x 187.70125pt>
File: images/ej_cociente_3.png Graphic file (type png)
<use images/ej_cociente_3.png>
Package pdftex.def Info: images/ej_cociente_3.png  used on input line 1100.
(pdftex.def)             Requested size: 200.85191pt x 56.3108pt.
 [27 <./images/def_cociente.png (PNG copy)> <./images/ej_cociente_1.png (PNG copy)> <./images/ej_cociente_2.png (PNG copy)> <./images/ej_cociente_3.png (PNG copy)>]
<images/caracterizacion_top_prod.png, id=823, 315.1775pt x 225.84375pt>
File: images/caracterizacion_top_prod.png Graphic file (type png)
<use images/caracterizacion_top_prod.png>
Package pdftex.def Info: images/caracterizacion_top_prod.png  used on input line 1135.
(pdftex.def)             Requested size: 94.55397pt x 67.75363pt.
<images/dem_carac_top_prod.png, id=824, 810.02625pt x 262.9825pt>
File: images/dem_carac_top_prod.png Graphic file (type png)
<use images/dem_carac_top_prod.png>
Package pdftex.def Info: images/dem_carac_top_prod.png  used on input line 1150.
(pdftex.def)             Requested size: 324.00475pt x 105.19113pt.
 [28 <./images/caracterizacion_top_prod.png (PNG copy)> <./images/dem_carac_top_prod.png (PNG copy)>]
<images/caracterizacion_top_sum.png, id=842, 247.92625pt x 189.70876pt>
File: images/caracterizacion_top_sum.png Graphic file (type png)
<use images/caracterizacion_top_sum.png>
Package pdftex.def Info: images/caracterizacion_top_sum.png  used on input line 1219.
(pdftex.def)             Requested size: 74.37845pt x 56.91306pt.
<images/pg_top_sum.png, id=843, 208.78pt x 220.825pt>
File: images/pg_top_sum.png Graphic file (type png)
<use images/pg_top_sum.png>
Package pdftex.def Info: images/pg_top_sum.png  used on input line 1242.
(pdftex.def)             Requested size: 62.63448pt x 66.248pt.
 [29 <./images/caracterizacion_top_sum.png (PNG copy)>]
<images/eq_top_proyectivo.png, id=856, 604.2575pt x 306.14375pt>
File: images/eq_top_proyectivo.png Graphic file (type png)
<use images/eq_top_proyectivo.png>
Package pdftex.def Info: images/eq_top_proyectivo.png  used on input line 1302.
(pdftex.def)             Requested size: 181.27864pt x 91.84383pt.
 [30 <./images/pg_top_sum.png (PNG copy)>]
<images/obs_cartas_afines.png, id=863, 852.18375pt x 229.85875pt>
File: images/obs_cartas_afines.png Graphic file (type png)
<use images/obs_cartas_afines.png>
Package pdftex.def Info: images/obs_cartas_afines.png  used on input line 1323.
(pdftex.def)             Requested size: 255.65709pt x 68.95815pt.
<images/cociente_antipodal.png, id=864, 342.27875pt x 183.68625pt>
File: images/cociente_antipodal.png Graphic file (type png)
<use images/cociente_antipodal.png>
Package pdftex.def Info: images/cociente_antipodal.png  used on input line 1337.
(pdftex.def)             Requested size: 102.6844pt x 55.1063pt.
<images/repr_carta_afin.png, id=865, 968.61874pt x 427.5975pt>
File: images/repr_carta_afin.png Graphic file (type png)
<use images/repr_carta_afin.png>
Package pdftex.def Info: images/repr_carta_afin.png  used on input line 1345.
(pdftex.def)             Requested size: 290.58786pt x 128.28023pt.
 [31 <./images/eq_top_proyectivo.png (PNG copy)> <./images/obs_cartas_afines.png (PNG copy)> <./images/cociente_antipodal.png (PNG copy)>]
<images/cociente_disco.png, id=876, 733.74126pt x 360.34625pt>
File: images/cociente_disco.png Graphic file (type png)
<use images/cociente_disco.png>
Package pdftex.def Info: images/cociente_disco.png  used on input line 1357.
(pdftex.def)             Requested size: 220.12407pt x 108.1047pt.
<images/banda_moebius.png, id=877, 994.71625pt x 915.42pt>
File: images/banda_moebius.png Graphic file (type png)
<use images/banda_moebius.png>
Package pdftex.def Info: images/banda_moebius.png  used on input line 1364.
(pdftex.def)             Requested size: 298.41718pt x 274.62811pt.
 [32 <./images/repr_carta_afin.png (PNG copy)> <./images/cociente_disco.png (PNG copy)> <./images/banda_moebius.png (PNG copy)>]
Cap\'{\i }tulo 4.
Package hyperref Info: bookmark level for unknown coro defaults to 0 on input line 1410.
[33

]
<images/t2_top_prod.png, id=899, 203.76125pt x 140.525pt>
File: images/t2_top_prod.png Graphic file (type png)
<use images/t2_top_prod.png>
Package pdftex.def Info: images/t2_top_prod.png  used on input line 1461.
(pdftex.def)             Requested size: 81.50305pt x 56.20898pt.
 [34 <./images/t2_top_prod.png (PNG copy)>]
Cap\'{\i }tulo 5.
[35

] [36]
<images/ej_axiomas_num_real.png, id=945, 284.06125pt x 120.45pt>
File: images/ej_axiomas_num_real.png Graphic file (type png)
<use images/ej_axiomas_num_real.png>
Package pdftex.def Info: images/ej_axiomas_num_real.png  used on input line 1590.
(pdftex.def)             Requested size: 85.21902pt x 36.13527pt.
 [37 <./images/ej_axiomas_num_real.png (PNG copy)>] [38

]
Cap\'{\i }tulo 6.
[39]
<images/mantra_4.png, id=972, 230.8625pt x 276.03125pt>
File: images/mantra_4.png Graphic file (type png)
<use images/mantra_4.png>
Package pdftex.def Info: images/mantra_4.png  used on input line 1716.
(pdftex.def)             Requested size: 69.25928pt x 82.81pt.
 [40] [41 <./images/mantra_4.png (PNG copy)>] [42]
Cap\'{\i }tulo 7.
[43

]
<images/loc_comp_ej_2.png, id=1029, 169.63374pt x 180.675pt>
File: images/loc_comp_ej_2.png Graphic file (type png)
<use images/loc_comp_ej_2.png>
Package pdftex.def Info: images/loc_comp_ej_2.png  used on input line 1843.
(pdftex.def)             Requested size: 50.8905pt x 54.20291pt.
 [44 <./images/loc_comp_ej_2.png (PNG copy)>]
<images/comp_pto_prop_1.png, id=1041, 286.06876pt x 193.72375pt>
File: images/comp_pto_prop_1.png Graphic file (type png)
<use images/comp_pto_prop_1.png>
Package pdftex.def Info: images/comp_pto_prop_1.png  used on input line 1950.
(pdftex.def)             Requested size: 85.82129pt x 58.11757pt.
 [45]
<images/obs_comp_pto.png, id=1056, 600.2425pt x 199.74625pt>
File: images/obs_comp_pto.png Graphic file (type png)
<use images/obs_comp_pto.png>
Package pdftex.def Info: images/obs_comp_pto.png  used on input line 2011.
(pdftex.def)             Requested size: 180.07413pt x 59.92433pt.
 [46 <./images/comp_pto_prop_1.png (PNG copy)>] [47 <./images/obs_comp_pto.png (PNG copy)>] [48

]
Cap\'{\i }tulo 8.
[49]
<images/dem_var_mantra_1_conx.png, id=1093, 303.1325pt x 190.7125pt>
File: images/dem_var_mantra_1_conx.png Graphic file (type png)
<use images/dem_var_mantra_1_conx.png>
Package pdftex.def Info: images/dem_var_mantra_1_conx.png  used on input line 2083.
(pdftex.def)             Requested size: 90.94044pt x 57.21419pt.
<images/dem_const_cadenas.png, id=1094, 419.5675pt x 292.09125pt>
File: images/dem_const_cadenas.png Graphic file (type png)
<use images/dem_const_cadenas.png>
Package pdftex.def Info: images/dem_const_cadenas.png  used on input line 2107.
(pdftex.def)             Requested size: 125.87122pt x 87.62804pt.
 [50 <./images/dem_var_mantra_1_conx.png (PNG copy)> <./images/dem_const_cadenas.png (PNG copy)>]
<images/seno_topologo.png, id=1108, 447.6725pt x 193.72375pt>
File: images/seno_topologo.png Graphic file (type png)
<use images/seno_topologo.png>
Package pdftex.def Info: images/seno_topologo.png  used on input line 2144.
(pdftex.def)             Requested size: 134.30278pt x 58.11757pt.
<images/dem_conx2_conx.png, id=1109, 242.9075pt x 207.77625pt>
File: images/dem_conx2_conx.png Graphic file (type png)
<use images/dem_conx2_conx.png>
Package pdftex.def Info: images/dem_conx2_conx.png  used on input line 2180.
(pdftex.def)             Requested size: 72.8728pt x 62.33334pt.
 [51 <./images/seno_topologo.png (PNG copy)>] [52 <./images/dem_conx2_conx.png (PNG copy)>]
Cap\'{\i }tulo 9.
[53

]
<images/suc_conv_otro.png, id=1141, 141.52875pt x 115.43124pt>
File: images/suc_conv_otro.png Graphic file (type png)
<use images/suc_conv_otro.png>
Package pdftex.def Info: images/suc_conv_otro.png  used on input line 2270.
(pdftex.def)             Requested size: 42.45894pt x 34.62962pt.
 [54 <./images/suc_conv_otro.png (PNG copy)>]
<images/dem_loc_conx_loc_conx.png, id=1154, 522.95375pt x 327.2225pt>
File: images/dem_loc_conx_loc_conx.png Graphic file (type png)
<use images/dem_loc_conx_loc_conx.png>
Package pdftex.def Info: images/dem_loc_conx_loc_conx.png  used on input line 2296.
(pdftex.def)             Requested size: 156.88733pt x 98.1675pt.
 [55 <./images/dem_loc_conx_loc_conx.png (PNG copy)>] [56

]
Cap\'{\i }tulo 10.
<images/camb_par_caminos.png, id=1166, 731.73375pt x 219.82124pt>
File: images/camb_par_caminos.png Graphic file (type png)
<use images/camb_par_caminos.png>
Package pdftex.def Info: images/camb_par_caminos.png  used on input line 2316.
(pdftex.def)             Requested size: 219.52182pt x 65.94687pt.
<images/prod_caminos.png, id=1167, 463.7325pt x 175.65625pt>
File: images/prod_caminos.png Graphic file (type png)
<use images/prod_caminos.png>
Package pdftex.def Info: images/prod_caminos.png  used on input line 2328.
(pdftex.def)             Requested size: 139.12082pt x 52.69727pt.
[57 <./images/camb_par_caminos.png (PNG copy)> <./images/prod_caminos.png (PNG copy)>]
<images/dem_sin_top_no_conx_caminos.png, id=1177, 281.05pt x 194.7275pt>
File: images/dem_sin_top_no_conx_caminos.png Graphic file (type png)
<use images/dem_sin_top_no_conx_caminos.png>
Package pdftex.def Info: images/dem_sin_top_no_conx_caminos.png  used on input line 2361.
(pdftex.def)             Requested size: 84.31564pt x 58.41869pt.
<images/dem_pivote_caminos.png, id=1178, 627.34375pt x 209.78375pt>
File: images/dem_pivote_caminos.png Graphic file (type png)
<use images/dem_pivote_caminos.png>
Package pdftex.def Info: images/dem_pivote_caminos.png  used on input line 2393.
(pdftex.def)             Requested size: 188.20457pt x 62.9356pt.
 [58 <./images/dem_sin_top_no_conx_caminos.png (PNG copy)> <./images/dem_pivote_caminos.png (PNG copy)>]
<images/dem_imagen_caminos.png, id=1194, 481.8pt x 180.675pt>
File: images/dem_imagen_caminos.png Graphic file (type png)
<use images/dem_imagen_caminos.png>
Package pdftex.def Info: images/dem_imagen_caminos.png  used on input line 2402.
(pdftex.def)             Requested size: 144.5411pt x 54.20291pt.
 [59 <./images/dem_imagen_caminos.png (PNG copy)>] [60

]
Cap\'{\i }tulo 11.
[61]
<images/resumen_conx.png, id=1221, 382.42876pt x 149.55875pt>
File: images/resumen_conx.png Graphic file (type png)
<use images/resumen_conx.png>
Package pdftex.def Info: images/resumen_conx.png  used on input line 2517.
(pdftex.def)             Requested size: 114.7295pt x 44.86797pt.
 [62 <./images/resumen_conx.png (PNG copy)>]
Cap\'{\i }tulo 12.
[63

]
<images/ej_fund_interp_3.png, id=1243, 725.71124pt x 189.70876pt>
File: images/ej_fund_interp_3.png Graphic file (type png)
<use images/ej_fund_interp_3.png>
Package pdftex.def Info: images/ej_fund_interp_3.png  used on input line 2601.
(pdftex.def)             Requested size: 217.71504pt x 56.91306pt.
 [64 <./images/ej_fund_interp_3.png (PNG copy)>] [65] [66

]
Cap\'{\i }tulo 13.
<images/def_homp_ext_fijos.png, id=1275, 792.9625pt x 161.60374pt>
File: images/def_homp_ext_fijos.png Graphic file (type png)
<use images/def_homp_ext_fijos.png>
Package pdftex.def Info: images/def_homp_ext_fijos.png  used on input line 2661.
(pdftex.def)             Requested size: 237.89058pt x 48.48149pt.
<images/obs_problema_ext.png, id=1276, 510.90875pt x 195.73125pt>
File: images/obs_problema_ext.png Graphic file (type png)
<use images/obs_problema_ext.png>
Package pdftex.def Info: images/obs_problema_ext.png  used on input line 2671.
(pdftex.def)             Requested size: 153.2738pt x 58.71982pt.
[67 <./images/def_homp_ext_fijos.png (PNG copy)> <./images/obs_problema_ext.png (PNG copy)>]
<images/esferas_sn_3.png, id=1288, 724.7075pt x 173.64874pt>
File: images/esferas_sn_3.png Graphic file (type png)
<use images/esferas_sn_3.png>
Package pdftex.def Info: images/esferas_sn_3.png  used on input line 2727.
(pdftex.def)             Requested size: 217.41393pt x 52.09502pt.
 [68 <./images/esferas_sn_3.png (PNG copy)>] [69] [70

]
Cap\'{\i }tulo 14.
<images/prod_grupo_fundamental.png, id=1310, 158.5925pt x 145.54375pt>
File: images/prod_grupo_fundamental.png Graphic file (type png)
<use images/prod_grupo_fundamental.png>
Package pdftex.def Info: images/prod_grupo_fundamental.png  used on input line 2771.
(pdftex.def)             Requested size: 47.57811pt x 43.66345pt.
<images/asoc_gr_fund.png, id=1311, 475.7775pt x 176.66pt>
File: images/asoc_gr_fund.png Graphic file (type png)
<use images/asoc_gr_fund.png>
Package pdftex.def Info: images/asoc_gr_fund.png  used on input line 2784.
(pdftex.def)             Requested size: 142.73434pt x 52.9984pt.
<images/neutro_gr_fund.png, id=1312, 704.6325pt x 134.5025pt>
File: images/neutro_gr_fund.png Graphic file (type png)
<use images/neutro_gr_fund.png>
Package pdftex.def Info: images/neutro_gr_fund.png  used on input line 2788.
(pdftex.def)             Requested size: 211.39139pt x 40.35104pt.
<images/inv_gr_fund.png, id=1313, 211.79124pt x 203.76125pt>
File: images/inv_gr_fund.png Graphic file (type png)
<use images/inv_gr_fund.png>
Package pdftex.def Info: images/inv_gr_fund.png  used on input line 2796.
(pdftex.def)             Requested size: 63.53786pt x 61.12883pt.
[71 <./images/prod_grupo_fundamental.png (PNG copy)> <./images/asoc_gr_fund.png (PNG copy)> <./images/neutro_gr_fund.png (PNG copy)>]
<images/conj_iso_grupos.png, id=1325, 211.79124pt x 157.58875pt>
File: images/conj_iso_grupos.png Graphic file (type png)
<use images/conj_iso_grupos.png>
Package pdftex.def Info: images/conj_iso_grupos.png  used on input line 2859.
(pdftex.def)             Requested size: 63.53786pt x 47.27698pt.
 [72 <./images/inv_gr_fund.png (PNG copy)>]
<images/const_functorialidad.png, id=1344, 823.075pt x 254.9525pt>
File: images/const_functorialidad.png Graphic file (type png)
<use images/const_functorialidad.png>
Package pdftex.def Info: images/const_functorialidad.png  used on input line 2881.
(pdftex.def)             Requested size: 246.9244pt x 76.48633pt.
<images/prod_espacios_funt.png, id=1345, 159.59625pt x 193.72375pt>
File: images/prod_espacios_funt.png Graphic file (type png)
<use images/prod_espacios_funt.png>
Package pdftex.def Info: images/prod_espacios_funt.png  used on input line 2896.
(pdftex.def)             Requested size: 47.87923pt x 58.11757pt.
 [73 <./images/conj_iso_grupos.png (PNG copy)> <./images/const_functorialidad.png (PNG copy)> <./images/prod_espacios_funt.png (PNG copy)>] [74]
Cap\'{\i }tulo 15.
<images/deformacion_cilindros.png, id=1364, 396.48125pt x 170.6375pt>
File: images/deformacion_cilindros.png Graphic file (type png)
<use images/deformacion_cilindros.png>
Package pdftex.def Info: images/deformacion_cilindros.png  used on input line 2950.
(pdftex.def)             Requested size: 118.94528pt x 51.19164pt.
<images/deformacion_moebius.png, id=1365, 461.725pt x 183.68625pt>
File: images/deformacion_moebius.png Graphic file (type png)
<use images/deformacion_moebius.png>
Package pdftex.def Info: images/deformacion_moebius.png  used on input line 2960.
(pdftex.def)             Requested size: 138.51857pt x 55.1063pt.
[75

 <./images/deformacion_cilindros.png (PNG copy)>]
<images/dem_retracto_sobre.png, id=1379, 627.34375pt x 114.4275pt>
File: images/dem_retracto_sobre.png Graphic file (type png)
<use images/dem_retracto_sobre.png>
Package pdftex.def Info: images/dem_retracto_sobre.png  used on input line 2977.
(pdftex.def)             Requested size: 188.20457pt x 34.3285pt.
<images/coc_cilindro_moebius.png, id=1380, 283.0575pt x 286.06876pt>
File: images/coc_cilindro_moebius.png Graphic file (type png)
<use images/coc_cilindro_moebius.png>
Package pdftex.def Info: images/coc_cilindro_moebius.png  used on input line 3012.
(pdftex.def)             Requested size: 84.9179pt x 85.82129pt.
 [76 <./images/deformacion_moebius.png (PNG copy)> <./images/dem_retracto_sobre.png (PNG copy)> <./images/coc_cilindro_moebius.png (PNG copy)>]
<images/curvas_R2_agujero_c.png, id=1396, 429.605pt x 206.7725pt>
File: images/curvas_R2_agujero_c.png Graphic file (type png)
<use images/curvas_R2_agujero_c.png>
Package pdftex.def Info: images/curvas_R2_agujero_c.png  used on input line 3038.
(pdftex.def)             Requested size: 128.88249pt x 62.03223pt.
<images/curvas_R2_dos_agujeros.png, id=1397, 487.8225pt x 352.31625pt>
File: images/curvas_R2_dos_agujeros.png Graphic file (type png)
<use images/curvas_R2_dos_agujeros.png>
Package pdftex.def Info: images/curvas_R2_dos_agujeros.png  used on input line 3046.
(pdftex.def)             Requested size: 146.34787pt x 105.69568pt.
<images/variante_4_agujeros.png, id=1398, 450.68375pt x 231.86626pt>
File: images/variante_4_agujeros.png Graphic file (type png)
<use images/variante_4_agujeros.png>
Package pdftex.def Info: images/variante_4_agujeros.png  used on input line 3053.
(pdftex.def)             Requested size: 135.20616pt x 69.56041pt.
 [77 <./images/curvas_R2_agujero_c.png (PNG copy)> <./images/curvas_R2_dos_agujeros.png (PNG copy)> <./images/variante_4_agujeros.png (PNG copy)>] [78]
Cap\'{\i }tulo 16.
<images/problema_elevacion.png, id=1413, 368.37625pt x 207.77625pt>
File: images/problema_elevacion.png Graphic file (type png)
<use images/problema_elevacion.png>
Package pdftex.def Info: images/problema_elevacion.png  used on input line 3080.
(pdftex.def)             Requested size: 110.51372pt x 62.33334pt.
<images/identificacion_exponencial.png, id=1414, 1328.965pt x 491.8375pt>
File: images/identificacion_exponencial.png Graphic file (type png)
<use images/identificacion_exponencial.png>
Package pdftex.def Info: images/identificacion_exponencial.png  used on input line 3100.
(pdftex.def)             Requested size: 265.78828pt x 98.36575pt.
[79

 <./images/problema_elevacion.png (PNG copy)> <./images/identificacion_exponencial.png (PNG copy)>] [80] [81] [82

]
Cap\'{\i }tulo 17.
<images/rec_esp_proy_r.png, id=1448, 800.9925pt x 288.07625pt>
File: images/rec_esp_proy_r.png Graphic file (type png)
<use images/rec_esp_proy_r.png>
Package pdftex.def Info: images/rec_esp_proy_r.png  used on input line 3229.
(pdftex.def)             Requested size: 240.29959pt x 86.42354pt.
[83 <./images/rec_esp_proy_r.png (PNG copy)>] [84] [85] [86

]
Cap\'{\i }tulo 18.
[87]
<images/construccion_rho_punto_fijo.png, id=1495, 217.81375pt x 225.84375pt>
File: images/construccion_rho_punto_fijo.png Graphic file (type png)
<use images/construccion_rho_punto_fijo.png>
Package pdftex.def Info: images/construccion_rho_punto_fijo.png  used on input line 3366.
(pdftex.def)             Requested size: 65.34462pt x 67.75363pt.
<images/dem_esfera_brouwer.png, id=1496, 449.68pt x 435.6275pt>
File: images/dem_esfera_brouwer.png Graphic file (type png)
<use images/dem_esfera_brouwer.png>
Package pdftex.def Info: images/dem_esfera_brouwer.png  used on input line 3382.
(pdftex.def)             Requested size: 134.90503pt x 130.68925pt.
LaTeX Font Info:    Trying to load font information for OMS+cmr on input line 3386.
 (/usr/share/texmf-dist/tex/latex/base/omscmr.fd
File: omscmr.fd 2019/12/16 v2.5j Standard LaTeX font definitions
)
LaTeX Font Info:    Font shape `OMS/cmr/m/n' in size <10> not available
(Font)              Font shape `OMS/cmsy/m/n' tried instead on input line 3386.
 [88 <./images/construccion_rho_punto_fijo.png (PNG copy)> <./images/dem_esfera_brouwer.png (PNG copy)>] [89] [90

]
Cap\'{\i }tulo 19.
<images/th_borsuk.png, id=1517, 219.82124pt x 180.675pt>
File: images/th_borsuk.png Graphic file (type png)
<use images/th_borsuk.png>
Package pdftex.def Info: images/th_borsuk.png  used on input line 3415.
(pdftex.def)             Requested size: 65.94687pt x 54.20291pt.
[91 <./images/th_borsuk.png (PNG copy)>]
<images/cor_2_borsuk_ulam.png, id=1527, 288.07625pt x 186.6975pt>
File: images/cor_2_borsuk_ulam.png Graphic file (type png)
<use images/cor_2_borsuk_ulam.png>
Package pdftex.def Info: images/cor_2_borsuk_ulam.png  used on input line 3445.
(pdftex.def)             Requested size: 86.42354pt x 56.00967pt.
 [92 <./images/cor_2_borsuk_ulam.png (PNG copy)>]
Cap\'{\i }tulo 20.
<images/primeras_superficies.png, id=1538, 763.85374pt x 402.50375pt>
File: images/primeras_superficies.png Graphic file (type png)
<use images/primeras_superficies.png>
Package pdftex.def Info: images/primeras_superficies.png  used on input line 3480.
(pdftex.def)             Requested size: 229.15788pt x 120.75204pt.
<images/def_con_borde.png, id=1539, 246.9225pt x 125.46875pt>
File: images/def_con_borde.png Graphic file (type png)
<use images/def_con_borde.png>
Package pdftex.def Info: images/def_con_borde.png  used on input line 3495.
(pdftex.def)             Requested size: 74.0773pt x 37.6409pt.
[93

 <./images/primeras_superficies.png (PNG copy)> <./images/def_con_borde.png (PNG copy)>]
<images/ej_con_borde.png, id=1548, 691.58376pt x 173.64874pt>
File: images/ej_con_borde.png Graphic file (type png)
<use images/ej_con_borde.png>
Package pdftex.def Info: images/ej_con_borde.png  used on input line 3508.
(pdftex.def)             Requested size: 207.47672pt x 52.09502pt.
<images/def_suma_conexa.png, id=1549, 585.18625pt x 223.83624pt>
File: images/def_suma_conexa.png Graphic file (type png)
<use images/def_suma_conexa.png>
Package pdftex.def Info: images/def_suma_conexa.png  used on input line 3522.
(pdftex.def)             Requested size: 175.55722pt x 67.15138pt.
 [94 <./images/ej_con_borde.png (PNG copy)> <./images/def_suma_conexa.png (PNG copy)>]
<images/sum_conx_toros.png, id=1566, 726.715pt x 285.065pt>
File: images/sum_conx_toros.png Graphic file (type png)
<use images/sum_conx_toros.png>
Package pdftex.def Info: images/sum_conx_toros.png  used on input line 3552.
(pdftex.def)             Requested size: 218.01617pt x 85.52016pt.
<images/sum_conx_planos_proy.png, id=1567, 785.93625pt x 637.38126pt>
File: images/sum_conx_planos_proy.png Graphic file (type png)
<use images/sum_conx_planos_proy.png>
Package pdftex.def Info: images/sum_conx_planos_proy.png  used on input line 3558.
(pdftex.def)             Requested size: 235.78268pt x 191.21585pt.
 [95 <./images/sum_conx_toros.png (PNG copy)> <./images/sum_conx_planos_proy.png (PNG copy)>] [96

]
Cap\'{\i }tulo 21.
<images/superficies_r3.png, id=1578, 1318.9275pt x 275.0275pt>
File: images/superficies_r3.png Graphic file (type png)
<use images/superficies_r3.png>
Package pdftex.def Info: images/superficies_r3.png  used on input line 3578.
(pdftex.def)             Requested size: 395.6813pt x 82.50888pt.
<images/superficies_r4.png, id=1579, 914.41624pt x 339.2675pt>
File: images/superficies_r4.png Graphic file (type png)
<use images/superficies_r4.png>
Package pdftex.def Info: images/superficies_r4.png  used on input line 3583.
(pdftex.def)             Requested size: 274.32698pt x 101.78102pt.
[97 <./images/superficies_r3.png (PNG copy)> <./images/superficies_r4.png (PNG copy)>]
<images/rel_fund_1.png, id=1587, 505.89pt x 139.52126pt>
File: images/rel_fund_1.png Graphic file (type png)
<use images/rel_fund_1.png>
Package pdftex.def Info: images/rel_fund_1.png  used on input line 3599.
(pdftex.def)             Requested size: 151.76816pt x 41.85669pt.
<images/rel_fund_agujeros.png, id=1588, 695.59875pt x 279.0425pt>
File: images/rel_fund_agujeros.png Graphic file (type png)
<use images/rel_fund_agujeros.png>
Package pdftex.def Info: images/rel_fund_agujeros.png  used on input line 3606.
(pdftex.def)             Requested size: 208.68123pt x 83.7134pt.
<images/rel_fund_pegados.png, id=1589, 588.1975pt x 234.8775pt>
File: images/rel_fund_pegados.png Graphic file (type png)
<use images/rel_fund_pegados.png>
Package pdftex.def Info: images/rel_fund_pegados.png  used on input line 3612.
(pdftex.def)             Requested size: 176.4606pt x 70.46379pt.
<images/rel_fund_c&p.png, id=1590, 678.535pt x 605.26125pt>
File: images/rel_fund_c&p.png Graphic file (type png)
<use images/rel_fund_c&p.png>
Package pdftex.def Info: images/rel_fund_c&p.png  used on input line 3618.
(pdftex.def)             Requested size: 203.56207pt x 181.57976pt.
<images/rel_fund_hex.png, id=1591, 428.60126pt x 243.91125pt>
File: images/rel_fund_hex.png Graphic file (type png)
<use images/rel_fund_hex.png>
Package pdftex.def Info: images/rel_fund_hex.png  used on input line 3624.
(pdftex.def)             Requested size: 128.58136pt x 73.17393pt.
 [98 <./images/rel_fund_1.png (PNG copy)> <./images/rel_fund_agujeros.png (PNG copy)> <./images/rel_fund_pegados.png (PNG copy)> <./images/rel_fund_c&p.png (PNG copy)>]
<images/dem_grupos_fund_agujeros.png, id=1601, 1094.0875pt x 926.46124pt>
File: images/dem_grupos_fund_agujeros.png Graphic file (type png)
<use images/dem_grupos_fund_agujeros.png>
Package pdftex.def Info: images/dem_grupos_fund_agujeros.png  used on input line 3645.
(pdftex.def)             Requested size: 328.22878pt x 277.9405pt.
 [99 <./images/rel_fund_hex.png (PNG copy)> <./images/dem_grupos_fund_agujeros.png (PNG copy)>]
<images/dem_grupo_fund_agujeros_2.png, id=1611, 847.165pt x 601.24625pt>
File: images/dem_grupo_fund_agujeros_2.png Graphic file (type png)
<use images/dem_grupo_fund_agujeros_2.png>
Package pdftex.def Info: images/dem_grupo_fund_agujeros_2.png  used on input line 3653.
(pdftex.def)             Requested size: 254.15146pt x 180.37526pt.
<images/dem_grupo_fund_agujeros_3.png, id=1613, 767.86874pt x 489.83pt>
File: images/dem_grupo_fund_agujeros_3.png Graphic file (type png)
<use images/dem_grupo_fund_agujeros_3.png>
Package pdftex.def Info: images/dem_grupo_fund_agujeros_3.png  used on input line 3658.
(pdftex.def)             Requested size: 230.3624pt x 146.95012pt.
 [100 <./images/dem_grupo_fund_agujeros_2.png (PNG copy)> <./images/dem_grupo_fund_agujeros_3.png (PNG copy)>]
Cap\'{\i }tulo 22.
<images/prob_elevacion.png, id=1620, 728.7225pt x 323.2075pt>
File: images/prob_elevacion.png Graphic file (type png)
<use images/prob_elevacion.png>
Package pdftex.def Info: images/prob_elevacion.png  used on input line 3690.
(pdftex.def)             Requested size: 218.61844pt x 96.963pt.
\tf@thm=\write6
\openout6 = `TOEL.thm'.

[101

 <./images/prob_elevacion.png (PNG copy)>] (./TOEL.aux
LaTeX Info: Redefining \. on input line 25.
LaTeX Info: Redefining \% on input line 25.
LaTeX Info: Redefining \. on input line 26.
LaTeX Info: Redefining \% on input line 26.
)
Package rerunfilecheck Info: File `TOEL.out' has not changed.
(rerunfilecheck)             Checksum: 33F8C7AB56ACCB50327A451CBFE8226C;13438.
 ) 
Here is how much of TeX's memory you used:
 42358 strings out of 478238
 978077 string characters out of 5850455
 1395760 words of memory out of 5000000
 58931 multiletter control sequences out of 15000+600000
 484857 words of font info for 91 fonts, out of 8000000 for 9000
 1141 hyphenation exceptions out of 8191
 99i,23n,111p,725b,689s stack positions out of 5000i,500n,10000p,200000b,80000s
{/usr/share/texmf-dist/fonts/enc/dvips/cm-super/cm-super-ts1.enc}</usr/share/texmf-dist/fonts/type1/public/amsfonts/cm/cmbx10.pfb></usr/share/texmf-dist/fonts/type1/public/amsfonts/cm/cmbx12.pfb></usr/share/texmf-dist/fonts/type1/public/amsfonts/cm/cmbx7.pfb></usr/share/texmf-dist/fonts/type1/public/amsfonts/cm/cmex10.pfb></usr/share/texmf-dist/fonts/type1/public/amsfonts/cm/cmmi10.pfb></usr/share/texmf-dist/fonts/type1/public/amsfonts/cm/cmmi12.pfb></usr/share/texmf-dist/fonts/type1/public/amsfonts/cm/cmmi5.pfb></usr/share/texmf-dist/fonts/type1/public/amsfonts/cm/cmmi7.pfb></usr/share/texmf-dist/fonts/type1/public/amsfonts/cm/cmmi8.pfb></usr/share/texmf-dist/fonts/type1/public/amsfonts/cm/cmr10.pfb></usr/share/texmf-dist/fonts/type1/public/amsfonts/cm/cmr12.pfb></usr/share/texmf-dist/fonts/type1/public/amsfonts/cm/cmr17.pfb></usr/share/texmf-dist/fonts/type1/public/amsfonts/cm/cmr5.pfb></usr/share/texmf-dist/fonts/type1/public/amsfonts/cm/cmr6.pfb></usr/share/texmf-dist/fonts/type1/public/amsfonts/cm/cmr7.pfb></usr/share/texmf-dist/fonts/type1/public/amsfonts/cm/cmr8.pfb></usr/share/texmf-dist/fonts/type1/public/amsfonts/cm/cmsy10.pfb></usr/share/texmf-dist/fonts/type1/public/amsfonts/cm/cmsy5.pfb></usr/share/texmf-dist/fonts/type1/public/amsfonts/cm/cmsy7.pfb></usr/share/texmf-dist/fonts/type1/public/amsfonts/cm/cmti10.pfb></usr/share/texmf-dist/fonts/type1/public/amsfonts/cm/cmti7.pfb></usr/share/texmf-dist/fonts/type1/public/amsfonts/cm/cmti8.pfb></usr/share/texmf-dist/fonts/type1/public/amsfonts/symbols/msam10.pfb></usr/share/texmf-dist/fonts/type1/public/amsfonts/symbols/msbm10.pfb></usr/share/texmf-dist/fonts/type1/public/amsfonts/symbols/msbm7.pfb></usr/share/texmf-dist/fonts/type1/public/cm-super/sfrm1000.pfb></usr/share/texmf-dist/fonts/type1/public/cm-super/sfti1000.pfb>
Output written on TOEL.pdf (101 pages, 7065427 bytes).
PDF statistics:
 1907 PDF objects out of 2073 (max. 8388607)
 1620 compressed objects within 17 object streams
 782 named destinations out of 1000 (max. 500000)
 1260 words of extra memory for PDF output out of 10000 (max. 10000000)

